[0.008s] Invoking command in '/home/artificer/Desktop/ROV2026/build/rov_control': CMAKE_PREFIX_PATH=${CMAKE_PREFIX_PATH}:/opt/ros/jazzy /usr/bin/cmake /home/artificer/Desktop/ROV2026/src/rov_control -DCMAKE_INSTALL_PREFIX=/home/artificer/Desktop/ROV2026/install/rov_control
[0.020s] -- Found ament_cmake: 2.5.4 (/opt/ros/jazzy/share/ament_cmake/cmake)
[0.194s] -- Found rclcpp: 28.1.9 (/opt/ros/jazzy/share/rclcpp/cmake)
[0.219s] -- Found rosidl_generator_c: 4.6.5 (/opt/ros/jazzy/share/rosidl_generator_c/cmake)
[0.226s] -- Found rosidl_generator_cpp: 4.6.5 (/opt/ros/jazzy/share/rosidl_generator_cpp/cmake)
[0.236s] -- Using all available rosidl_typesupport_c: rosidl_typesupport_fastrtps_c;rosidl_typesupport_introspection_c
[0.247s] -- Using all available rosidl_typesupport_cpp: rosidl_typesupport_fastrtps_cpp;rosidl_typesupport_introspection_cpp
[0.298s] -- Found rmw_implementation_cmake: 7.3.2 (/opt/ros/jazzy/share/rmw_implementation_cmake/cmake)
[0.299s] -- Found rmw_fastrtps_cpp: 8.4.2 (/opt/ros/jazzy/share/rmw_fastrtps_cpp/cmake)
[0.352s] -- Using RMW implementation 'rmw_fastrtps_cpp' as default
[0.408s] -- Found hardware_interface: 4.29.0 (/opt/ros/jazzy/share/hardware_interface/cmake)
[0.606s] -- Found controller_interface: 4.29.0 (/opt/ros/jazzy/share/controller_interface/cmake)
[0.612s] -- Debug mode: 
[0.612s] -- We are on a Linux system
[0.612s] -- Embedded mode: OFF
[0.612s] -- Algebra backend: builtin
[0.613s] -- Solver profiling: ON
[0.613s] -- Solver interrupt: ON
[0.613s] -- Using double precision floating-point
[0.613s] -- Using long integers
[0.613s] -- Code generation: ON
[0.613s] -- Derivative support: ON
[0.618s] -- Fetching/configuring QDLDL solver
[1.066s] --   Using double precision floats
[1.066s] --   Long integers (64bit) are ON
[1.068s] --   Static library build is OFF
[1.068s] --   Shared library build is OFF
[1.068s] --   Demo executable build is OFF
[1.068s] --   Not building demo executable
[1.068s] --   Unit testing suite build is OFF
[1.069s] -- Build static library: ON
[1.069s] -- Build shared library: ON
[1.069s] -- Build demo executable: ON
[1.145s] -- Configuring done (1.1s)
[1.204s] -- Generating done (0.0s)
[1.214s] -- Build files have been written to: /home/artificer/Desktop/ROV2026/build/rov_control
[1.226s] Invoked command in '/home/artificer/Desktop/ROV2026/build/rov_control' returned '0': CMAKE_PREFIX_PATH=${CMAKE_PREFIX_PATH}:/opt/ros/jazzy /usr/bin/cmake /home/artificer/Desktop/ROV2026/src/rov_control -DCMAKE_INSTALL_PREFIX=/home/artificer/Desktop/ROV2026/install/rov_control
[1.227s] Invoking command in '/home/artificer/Desktop/ROV2026/build/rov_control': CMAKE_PREFIX_PATH=${CMAKE_PREFIX_PATH}:/opt/ros/jazzy /usr/bin/cmake --build /home/artificer/Desktop/ROV2026/build/rov_control -- -j12 -l12
[1.281s] [  7%] [34m[1mCopying algebra_impl.h[0m
[1.281s] [  7%] [34m[1mCopying algebra_vector.h[0m
[1.282s] [  7%] [32mBuilding CXX object CMakeFiles/rov_control.dir/src/pwm_interface.cpp.o[0m
[1.282s] [  8%] [34m[1mCopying kkt.h[0m
[1.282s] [  8%] [34m[1mCopying csc_utils.h[0m
[1.282s] [  7%] [34m[1mCopying codegen makefile[0m
[1.282s] [  8%] [34m[1mCopying csc_math.h[0m
[1.283s] [ 10%] [34m[1mCopying algebra_matrix.h[0m
[1.283s] [ 10%] [34m[1mCopying auxil.c[0m
[1.283s] [ 11%] [34m[1mCopying qdldl.h[0m
[1.284s] [ 12%] [34m[1mCopying auxil.h[0m
[1.284s] [ 13%] [32mBuilding C object _deps/qdldl-build/CMakeFiles/qdldlobject.dir/src/qdldl.c.o[0m
[1.303s] [ 18%] [34m[1mCopying osqp_api.c[0m
[1.304s] [ 18%] [34m[1mCopying scaling.c[0m
[1.305s] [ 18%] Built target copy_codegen_makefile
[1.305s] [ 18%] [34m[1mCopying error.h[0m
[1.305s] [ 18%] [34m[1mCopying glob_opts.h[0m
[1.305s] [ 20%] [34m[1mCopying error.c[0m
[1.305s] [ 18%] [34m[1mCopying qdldl_interface.h[0m
[1.305s] [ 21%] [34m[1mCopying qdldl_types.h[0m
[1.305s] [ 22%] [34m[1mCopying lin_alg.h[0m
[1.306s] [ 23%] [34m[1mCopying printing.h[0m
[1.316s] [ 24%] [34m[1mCopying qdldl_version.h[0m
[1.325s] [ 30%] [34m[1mCopying csc_math.c[0m
[1.326s] [ 30%] [34m[1mCopying algebra_libs.c[0m
[1.326s] [ 30%] [34m[1mCopying util.c[0m
[1.326s] [ 30%] [34m[1mCopying timing.h[0m
[1.326s] [ 30%] [34m[1mCopying scaling.h[0m
[1.326s] [ 31%] [34m[1mCopying profilers.h[0m
[1.326s] [ 32%] [34m[1mCopying csc_utils.c[0m
[1.327s] [ 33%] [34m[1mCopying types.h[0m
[1.331s] [ 34%] [34m[1mCopying kkt.c[0m
[1.337s] [ 35%] [34m[1mCopying matrix.c[0m
[1.346s] [ 38%] [34m[1mCopying util.h[0m
[1.348s] [ 38%] [34m[1mCopying version.h[0m
[1.348s] [ 40%] [34m[1mCopying qdldl.c[0m
[1.348s] [ 40%] [34m[1mCopying qdldl_interface.c[0m
[1.348s] [ 41%] [34m[1mCopying osqp_api_constants.h[0m
[1.348s] [ 42%] [34m[1mCopying osqp.h[0m
[1.348s] [ 42%] Built target copy_codegen_srcs
[1.348s] [ 43%] [34m[1mCopying osqp_api_functions.h[0m
[1.351s] [ 44%] [34m[1mCopying osqp_api_types.h[0m
[1.358s] [ 45%] [34m[1mCopying vector.c[0m
[1.359s] [ 46%] [34m[1mCopying osqp_export_define.h[0m
[1.374s] [ 46%] Built target copy_codegen_linalg
[1.374s] [ 46%] Built target copy_codegen_incs
[1.394s] [ 46%] Built target copy_codegen_files
[1.403s] [ 46%] Built target qdldlobject
[1.425s] [ 53%] [32mBuilding C object external/osqp/CMakeFiles/OSQPLIB.dir/src/auxil.c.o[0m
[1.425s] [ 53%] [32mBuilding C object external/osqp/CMakeFiles/OSQPLIB.dir/src/error.c.o[0m
[1.426s] [ 53%] [32mBuilding C object external/osqp/CMakeFiles/OSQPLIB.dir/src/scaling.c.o[0m
[1.426s] [ 53%] [32mBuilding C object external/osqp/CMakeFiles/OSQPLIB.dir/src/polish.c.o[0m
[1.426s] [ 53%] [32mBuilding C object external/osqp/CMakeFiles/OSQPLIB.dir/src/derivative.c.o[0m
[1.426s] [ 53%] [32mBuilding C object external/osqp/CMakeFiles/OSQPLIB.dir/src/util.c.o[0m
[1.426s] [ 54%] [32mBuilding C object external/osqp/CMakeFiles/OSQPLIB.dir/src/interrupt_unix.c.o[0m
[1.426s] [ 55%] [32mBuilding C object external/osqp/CMakeFiles/OSQPLIB.dir/algebra/_common/csc_math.c.o[0m
[1.426s] [ 56%] [32mBuilding C object external/osqp/CMakeFiles/OSQPLIB.dir/algebra/_common/csc_utils.c.o[0m
[1.426s] [ 57%] [32mBuilding C object external/osqp/CMakeFiles/OSQPLIB.dir/src/timing_linux.c.o[0m
[1.426s] [ 58%] [32mBuilding C object external/osqp/CMakeFiles/OSQPLIB.dir/src/codegen.c.o[0m
[1.474s] [ 60%] [32mBuilding C object external/osqp/CMakeFiles/OSQPLIB.dir/algebra/builtin/algebra_libs.c.o[0m
[1.485s] [ 61%] [32mBuilding C object external/osqp/CMakeFiles/OSQPLIB.dir/algebra/builtin/vector.c.o[0m
[1.487s] [ 62%] [32mBuilding C object external/osqp/CMakeFiles/OSQPLIB.dir/algebra/builtin/matrix.c.o[0m
[1.504s] [ 63%] [32mBuilding C object external/osqp/CMakeFiles/OSQPLIB.dir/algebra/_common/lin_sys/qdldl/amd/src/SuiteSparse_config.c.o[0m
[1.534s] [ 64%] [32mBuilding C object external/osqp/CMakeFiles/OSQPLIB.dir/algebra/_common/lin_sys/qdldl/amd/src/amd_1.c.o[0m
[1.539s] [ 65%] [32mBuilding C object external/osqp/CMakeFiles/OSQPLIB.dir/algebra/_common/lin_sys/qdldl/amd/src/amd_2.c.o[0m
[1.573s] [ 66%] [32mBuilding C object external/osqp/CMakeFiles/OSQPLIB.dir/algebra/_common/lin_sys/qdldl/amd/src/amd_aat.c.o[0m
[1.581s] [ 67%] [32mBuilding C object external/osqp/CMakeFiles/OSQPLIB.dir/algebra/_common/lin_sys/qdldl/amd/src/amd_control.c.o[0m
[1.587s] [ 68%] [32mBuilding C object external/osqp/CMakeFiles/OSQPLIB.dir/algebra/_common/lin_sys/qdldl/amd/src/amd_defaults.c.o[0m
[1.588s] [ 70%] [32mBuilding C object external/osqp/CMakeFiles/OSQPLIB.dir/algebra/_common/lin_sys/qdldl/amd/src/amd_info.c.o[0m
[1.620s] [ 71%] [32mBuilding C object external/osqp/CMakeFiles/OSQPLIB.dir/algebra/_common/lin_sys/qdldl/amd/src/amd_order.c.o[0m
[1.639s] [ 72%] [32mBuilding C object external/osqp/CMakeFiles/OSQPLIB.dir/algebra/_common/lin_sys/qdldl/amd/src/amd_post_tree.c.o[0m
[1.656s] [ 73%] [32mBuilding C object external/osqp/CMakeFiles/OSQPLIB.dir/algebra/_common/lin_sys/qdldl/amd/src/amd_postorder.c.o[0m
[1.660s] [ 74%] [32mBuilding C object external/osqp/CMakeFiles/OSQPLIB.dir/algebra/_common/lin_sys/qdldl/amd/src/amd_preprocess.c.o[0m
[1.685s] [ 75%] [32mBuilding C object external/osqp/CMakeFiles/OSQPLIB.dir/algebra/_common/lin_sys/qdldl/amd/src/amd_valid.c.o[0m
[1.694s] [ 76%] [32mBuilding C object external/osqp/CMakeFiles/OSQPLIB.dir/algebra/_common/kkt.c.o[0m
[1.700s] [ 77%] [32mBuilding C object external/osqp/CMakeFiles/OSQPLIB.dir/algebra/_common/lin_sys/qdldl/qdldl_interface.c.o[0m
[1.937s] [ 77%] Built target OSQPLIB
[1.955s] [ 80%] [32mBuilding C object external/osqp/CMakeFiles/osqp.dir/src/osqp_api.c.o[0m
[1.955s] [ 80%] [32mBuilding C object external/osqp/CMakeFiles/osqpstatic.dir/src/osqp_api.c.o[0m
[2.160s] [ 82%] [32m[1mLinking C shared library out/libosqp.so[0m
[2.160s] [ 82%] [32m[1mLinking C static library out/libosqpstatic.a[0m
[2.199s] [ 82%] Built target osqp
[2.199s] [ 82%] Built target osqpstatic
[2.222s] [ 88%] [32mBuilding C object external/osqp/CMakeFiles/osqp_demo.dir/examples/problems/hs21.c.o[0m
[2.222s] [ 88%] [32mBuilding C object external/osqp/CMakeFiles/osqp_demo.dir/examples/problems/cvxqp2_s.c.o[0m
[2.222s] [ 88%] [32mBuilding C object external/osqp/CMakeFiles/osqp_demo.dir/examples/problems/hs35.c.o[0m
[2.222s] [ 88%] [32mBuilding C object external/osqp/CMakeFiles/osqp_demo.dir/examples/problems/qpcblend.c.o[0m
[2.222s] [ 88%] [32mBuilding C object external/osqp/CMakeFiles/osqp_simple_demo.dir/examples/osqp_simple_demo.c.o[0m
[2.222s] [ 90%] [32mBuilding C object external/osqp/CMakeFiles/osqp_demo.dir/examples/osqp_demo.c.o[0m
[2.222s] [ 88%] [32mBuilding C object external/osqp/CMakeFiles/osqp_codegen_demo.dir/examples/osqp_codegen_demo.c.o[0m
[2.223s] [ 93%] [32mBuilding C object external/osqp/CMakeFiles/osqp_demo.dir/examples/problems/largeqp.c.o[0m
[2.223s] [ 93%] [32mBuilding C object external/osqp/CMakeFiles/osqp_demo.dir/examples/problems/qptest.c.o[0m
[2.223s] [ 93%] [32mBuilding CXX object CMakeFiles/axis_to_command_controller.dir/src/axis_to_command_controller.cpp.o[0m
[2.223s] [ 94%] [32mBuilding C object external/osqp/CMakeFiles/osqp_demo.dir/examples/problems/primalc1.c.o[0m
[2.272s] [ 95%] [32m[1mLinking C executable out/osqp_simple_demo[0m
[2.275s] [ 96%] [32m[1mLinking C executable out/osqp_codegen_demo[0m
[2.288s] [ 97%] [32m[1mLinking C executable out/osqp_demo[0m
[2.314s] [ 97%] Built target osqp_simple_demo
[2.316s] [ 97%] Built target osqp_codegen_demo
[2.333s] [ 97%] Built target osqp_demo
[4.210s] [01m[K/home/artificer/Desktop/ROV2026/src/rov_control/src/axis_to_command_controller.cpp:15:1:[m[K [01;31m[Kerror: [m[Kexpected class-name before â€˜[01m[K{[m[Kâ€™ token
[4.210s]    15 | [01;31m[K{[m[K
[4.210s]       | [01;31m[K^[m[K
[4.213s] [01m[K/home/artificer/Desktop/ROV2026/src/rov_control/src/axis_to_command_controller.cpp:28:3:[m[K [01;31m[Kerror: [m[Kâ€˜[01m[KCallbackReturn[m[Kâ€™ does not name a type
[4.213s]    28 |   [01;31m[KCallbackReturn[m[K on_init() override
[4.213s]       |   [01;31m[K^~~~~~~~~~~~~~[m[K
[4.215s] [01m[K/home/artificer/Desktop/ROV2026/src/rov_control/src/axis_to_command_controller.cpp:37:3:[m[K [01;31m[Kerror: [m[Kâ€˜[01m[KCallbackReturn[m[Kâ€™ does not name a type
[4.215s]    37 |   [01;31m[KCallbackReturn[m[K on_configure(const rclcpp_lifecycle::State & previous_state) override
[4.215s]       |   [01;31m[K^~~~~~~~~~~~~~[m[K
[4.217s] [01m[K/home/artificer/Desktop/ROV2026/src/rov_control/src/axis_to_command_controller.cpp:62:3:[m[K [01;31m[Kerror: [m[Kâ€˜[01m[KCallbackReturn[m[Kâ€™ does not name a type
[4.217s]    62 |   [01;31m[KCallbackReturn[m[K on_activate(const rclcpp_lifecycle::State & previous_state) override
[4.217s]       |   [01;31m[K^~~~~~~~~~~~~~[m[K
[4.219s] [01m[K/home/artificer/Desktop/ROV2026/src/rov_control/src/axis_to_command_controller.cpp:67:3:[m[K [01;31m[Kerror: [m[Kâ€˜[01m[KCallbackReturn[m[Kâ€™ does not name a type
[4.219s]    67 |   [01;31m[KCallbackReturn[m[K on_deactivate(const rclcpp_lifecycle::State & previous_state) override
[4.219s]       |   [01;31m[K^~~~~~~~~~~~~~[m[K
[4.228s] [01m[K/home/artificer/Desktop/ROV2026/src/rov_control/src/axis_to_command_controller.cpp:106:19:[m[K [01;31m[Kerror: [m[Kâ€˜[01m[KOSQPData[m[Kâ€™ was not declared in this scope
[4.228s]   106 |   std::unique_ptr<[01;31m[KOSQPData[m[K> qp_data_;
[4.228s]       |                   [01;31m[K^~~~~~~~[m[K
[4.228s] [01m[K/home/artificer/Desktop/ROV2026/src/rov_control/src/axis_to_command_controller.cpp:106:27:[m[K [01;31m[Kerror: [m[Ktemplate argument 1 is invalid
[4.228s]   106 |   std::unique_ptr<OSQPData[01;31m[K>[m[K qp_data_;
[4.228s]       |                           [01;31m[K^[m[K
[4.228s] [01m[K/home/artificer/Desktop/ROV2026/src/rov_control/src/axis_to_command_controller.cpp:106:27:[m[K [01;31m[Kerror: [m[Ktemplate argument 2 is invalid
[4.228s] [01m[K/home/artificer/Desktop/ROV2026/src/rov_control/src/axis_to_command_controller.cpp:18:48:[m[K [01;31m[Kerror: [m[Kâ€˜[01m[Kcontroller_interface::InterfaceConfiguration rov_controllers::OsqpThrusterController::[01;32m[Kcommand_interface_configuration[m[K() const[m[Kâ€™ marked â€˜[01m[Koverride[m[Kâ€™, but does not override
[4.229s]    18 |   controller_interface::InterfaceConfiguration [01;31m[Kcommand_interface_configuration[m[K() const override
[4.229s]       |                                                [01;31m[K^~~~~~~~~~~~~~~~~~~~~~~~~~~~~~~[m[K
[4.229s] [01m[K/home/artificer/Desktop/ROV2026/src/rov_control/src/axis_to_command_controller.cpp:23:48:[m[K [01;31m[Kerror: [m[Kâ€˜[01m[Kcontroller_interface::InterfaceConfiguration rov_controllers::OsqpThrusterController::[01;32m[Kstate_interface_configuration[m[K() const[m[Kâ€™ marked â€˜[01m[Koverride[m[Kâ€™, but does not override
[4.229s]    23 |   controller_interface::InterfaceConfiguration [01;31m[Kstate_interface_configuration[m[K() const override
[4.229s]       |                                                [01;31m[K^~~~~~~~~~~~~~~~~~~~~~~~~~~~~[m[K
[4.229s] [01m[K/home/artificer/Desktop/ROV2026/src/rov_control/src/axis_to_command_controller.cpp:72:37:[m[K [01;31m[Kerror: [m[Kâ€˜[01m[Kcontroller_interface::return_type rov_controllers::OsqpThrusterController::[01;32m[Kupdate[m[K(const rclcpp::Time&, const rclcpp::Duration&)[m[Kâ€™ marked â€˜[01m[Koverride[m[Kâ€™, but does not override
[4.229s]    72 |   controller_interface::return_type [01;31m[Kupdate[m[K(const rclcpp::Time & time, const rclcpp::Duration & period) override
[4.229s]       |                                     [01;31m[K^~~~~~[m[K
[4.229s] [01m[K/home/artificer/Desktop/ROV2026/src/rov_control/src/axis_to_command_controller.cpp:[m[K In member function â€˜[01m[Kcontroller_interface::InterfaceConfiguration rov_controllers::OsqpThrusterController::[01;32m[Kcommand_interface_configuration[m[K() const[m[Kâ€™:
[4.229s] [01m[K/home/artificer/Desktop/ROV2026/src/rov_control/src/axis_to_command_controller.cpp:20:64:[m[K [01;31m[Kerror: [m[Kcould not convert â€˜[01m[Kcontroller_interface::interface_configuration_type::INDIVIDUAL[m[Kâ€™ from â€˜[01m[Kcontroller_interface::interface_configuration_type[m[Kâ€™ to â€˜[01m[Kcontroller_interface::InterfaceConfiguration[m[Kâ€™
[4.229s]    20 |     return [01;31m[Kcontroller_interface::interface_configuration_type::INDIVIDUAL[m[K;
[4.229s]       |            [01;31m[K~~~~~~~~~~~~~~~~~~~~~~~~~~~~~~~~~~~~~~~~~~~~~~~~~~~~^~~~~~~~~~[m[K
[4.229s]       |                                                                [01;31m[K|[m[K
[4.229s]       |                                                                [01;31m[Kcontroller_interface::interface_configuration_type[m[K
[4.229s] [01m[K/home/artificer/Desktop/ROV2026/src/rov_control/src/axis_to_command_controller.cpp:[m[K In member function â€˜[01m[Kcontroller_interface::InterfaceConfiguration rov_controllers::OsqpThrusterController::[01;32m[Kstate_interface_configuration[m[K() const[m[Kâ€™:
[4.229s] [01m[K/home/artificer/Desktop/ROV2026/src/rov_control/src/axis_to_command_controller.cpp:25:64:[m[K [01;31m[Kerror: [m[Kcould not convert â€˜[01m[Kcontroller_interface::interface_configuration_type::INDIVIDUAL[m[Kâ€™ from â€˜[01m[Kcontroller_interface::interface_configuration_type[m[Kâ€™ to â€˜[01m[Kcontroller_interface::InterfaceConfiguration[m[Kâ€™
[4.229s]    25 |     return [01;31m[Kcontroller_interface::interface_configuration_type::INDIVIDUAL[m[K;
[4.229s]       |            [01;31m[K~~~~~~~~~~~~~~~~~~~~~~~~~~~~~~~~~~~~~~~~~~~~~~~~~~~~^~~~~~~~~~[m[K
[4.230s]       |                                                                [01;31m[K|[m[K
[4.230s]       |                                                                [01;31m[Kcontroller_interface::interface_configuration_type[m[K
[4.230s] [01m[K/home/artificer/Desktop/ROV2026/src/rov_control/src/axis_to_command_controller.cpp:[m[K In member function â€˜[01m[Kcontroller_interface::return_type rov_controllers::OsqpThrusterController::[01;32m[Kupdate[m[K(const rclcpp::Time&, const rclcpp::Duration&)[m[Kâ€™:
[4.230s] [01m[K/home/artificer/Desktop/ROV2026/src/rov_control/src/axis_to_command_controller.cpp:75:5:[m[K [01;31m[Kerror: [m[Kâ€˜[01m[KEigen[m[Kâ€™ has not been declared
[4.230s]    75 |     [01;31m[KEigen[m[K::VectorXd desired_wrench(6);
[4.230s]       |     [01;31m[K^~~~~[m[K
[4.235s] [01m[K/home/artificer/Desktop/ROV2026/src/rov_control/src/axis_to_command_controller.cpp:76:5:[m[K [01;31m[Kerror: [m[Kâ€˜[01m[Kdesired_wrench[m[Kâ€™ was not declared in this scope
[4.235s]    76 |     [01;31m[Kdesired_wrench[m[K.setZero();
[4.235s]       |     [01;31m[K^~~~~~~~~~~~~~[m[K
[4.235s] In file included from [01m[K/opt/ros/jazzy/include/class_loader/class_loader/class_loader.hpp:56[m[K,
[4.235s]                  from [01m[K/opt/ros/jazzy/include/pluginlib/pluginlib/class_list_macros.hpp:40[m[K,
[4.235s]                  from [01m[K/home/artificer/Desktop/ROV2026/src/rov_control/src/axis_to_command_controller.cpp:8[m[K:
[4.236s] [01m[K/home/artificer/Desktop/ROV2026/src/rov_control/src/axis_to_command_controller.cpp:[m[K At global scope:
[4.236s] [01m[K/home/artificer/Desktop/ROV2026/src/rov_control/src/axis_to_command_controller.cpp:112:87:[m[K [01;31m[Kerror: [m[Kâ€˜[01m[KChainableControllerInterface[m[Kâ€™ in namespace â€˜[01m[Kcontroller_interface[m[Kâ€™ does not name a type; did you mean â€˜[01m[KControllerInterface[m[Kâ€™?
[4.236s]   112 | PLUGINLIB_EXPORT_CLASS(rov_controllers::OsqpThrusterController, controller_interface::[01;31m[KChainableControllerInterface[m[K)
[4.236s]       |                                                                                       [01;31m[K^~~~~~~~~~~~~~~~~~~~~~~~~~~~[m[K
[4.236s] In file included from [01m[K/opt/ros/jazzy/include/class_loader/class_loader/class_loader_core.hpp:58[m[K,
[4.236s]                  from [01m[K/opt/ros/jazzy/include/class_loader/class_loader/class_loader.hpp:55[m[K,
[4.236s]                  from [01m[K/opt/ros/jazzy/include/pluginlib/pluginlib/class_list_macros.hpp:40[m[K,
[4.236s]                  from [01m[K/home/artificer/Desktop/ROV2026/src/rov_control/src/pwm_interface.cpp:7[m[K:
[4.236s] /opt/ros/jazzy/include/class_loader/class_loader/meta_object.hpp: In instantiation of â€˜[01m[KB* class_loader::impl::MetaObject<C, B>::[01;32m[Kcreate[m[K() const [35m[K[with C = rov_control::PWMInterface; B = hardware_interface::SystemInterface][m[K[m[Kâ€™:
[4.236s] [01m[K/opt/ros/jazzy/include/class_loader/class_loader/meta_object.hpp:216:7:[m[K   required from here
[4.236s] [01m[K/opt/ros/jazzy/include/class_loader/class_loader/meta_object.hpp:218:12:[m[K [01;31m[Kerror: [m[Kinvalid new-expression of abstract class type â€˜[01m[Krov_control::PWMInterface[m[Kâ€™
[4.236s]   218 |     return [01;31m[Knew C[m[K;
[4.236s]       |            [01;31m[K^~~~~[m[K
[4.236s] In file included from [01m[K/home/artificer/Desktop/ROV2026/src/rov_control/src/pwm_interface.cpp:6[m[K:
[4.236s] [01m[K/home/artificer/Desktop/ROV2026/src/rov_control/include/rov_control/pwm_interface.hpp:13:9:[m[K [01;36m[Knote: [m[K  because the following virtual functions are pure within â€˜[01m[Krov_control::PWMInterface[m[Kâ€™:
[4.236s]    13 |   class [01;36m[KPWMInterface[m[K : public hardware_interface::SystemInterface
[4.236s]       |         [01;36m[K^~~~~~~~~~~~[m[K
[4.236s] In file included from [01m[K/home/artificer/Desktop/ROV2026/src/rov_control/include/rov_control/pwm_interface.hpp:5[m[K:
[4.236s] [01m[K/opt/ros/jazzy/include/hardware_interface/hardware_interface/system_interface.hpp:474:23:[m[K [01;36m[Knote: [m[K    â€˜[01m[Kvirtual hardware_interface::return_type hardware_interface::SystemInterface::[01;32m[Kread[m[K(const rclcpp::Time&, const rclcpp::Duration&)[m[Kâ€™
[4.237s]   474 |   virtual return_type [01;36m[Kread[m[K(const rclcpp::Time & time, const rclcpp::Duration & period) = 0;
[4.237s]       |                       [01;36m[K^~~~[m[K
[4.237s] [01m[K/opt/ros/jazzy/include/hardware_interface/hardware_interface/system_interface.hpp:521:23:[m[K [01;36m[Knote: [m[K    â€˜[01m[Kvirtual hardware_interface::return_type hardware_interface::SystemInterface::[01;32m[Kwrite[m[K(const rclcpp::Time&, const rclcpp::Duration&)[m[Kâ€™
[4.237s]   521 |   virtual return_type [01;36m[Kwrite[m[K(const rclcpp::Time & time, const rclcpp::Duration & period) = 0;
[4.237s]       |                       [01;36m[K^~~~~[m[K
[4.240s] [01m[K/home/artificer/Desktop/ROV2026/src/rov_control/src/axis_to_command_controller.cpp:[m[K In constructor â€˜[01m[K{anonymous}::ProxyExec0::[01;32m[KProxyExec0[m[K()[m[Kâ€™:
[4.240s] [01m[K/home/artificer/Desktop/ROV2026/src/rov_control/src/axis_to_command_controller.cpp:112:1:[m[K [01;31m[Kerror: [m[Kâ€˜[01m[K_base[m[Kâ€™ was not declared in this scope; did you mean â€˜[01m[K__bases[m[Kâ€™?
[4.240s]   112 | [01;31m[KPLUGINLIB_EXPORT_CLASS[m[K(rov_controllers::OsqpThrusterController, controller_interface::ChainableControllerInterface)
[4.240s]       | [01;31m[K^~~~~~~~~~~~~~~~~~~~~~[m[K
[4.241s] [01m[K/home/artificer/Desktop/ROV2026/src/rov_control/src/axis_to_command_controller.cpp:112:1:[m[K [01;31m[Kerror: [m[Kno matching function for call to â€˜[01m[KregisterPlugin<{anonymous}::ProxyExec0::_derived, <expression error> >(const char [40], const char [51])[m[Kâ€™
[4.241s]   112 | [01;31m[KPLUGINLIB_EXPORT_CLASS[m[K(rov_controllers::OsqpThrusterController, controller_interface::ChainableControllerInterface)
[4.241s]       | [01;31m[K^~~~~~~~~~~~~~~~~~~~~~[m[K
[4.241s] In file included from [01m[K/opt/ros/jazzy/include/class_loader/class_loader/class_loader.hpp:55[m[K:
[4.241s] [01m[K/opt/ros/jazzy/include/class_loader/class_loader/class_loader_core.hpp:241:1:[m[K [01;36m[Knote: [m[Kcandidate: â€˜[01m[Ktemplate<class Derived, class Base> class_loader::impl::UniquePtr<class_loader::impl::AbstractMetaObjectBase> class_loader::impl::[01;32m[KregisterPlugin[m[K(const std::string&, const std::string&)[m[Kâ€™
[4.241s]   241 | [01;36m[KregisterPlugin[m[K(const std::string & class_name, const std::string & base_class_name)
[4.241s]       | [01;36m[K^~~~~~~~~~~~~~[m[K
[4.241s] [01m[K/opt/ros/jazzy/include/class_loader/class_loader/class_loader_core.hpp:241:1:[m[K [01;36m[Knote: [m[K  template argument deduction/substitution failed:
[4.241s] [01m[K/home/artificer/Desktop/ROV2026/src/rov_control/src/axis_to_command_controller.cpp:112:1:[m[K [01;31m[Kerror: [m[Ktemplate argument 2 is invalid
[4.241s]   112 | [01;31m[KPLUGINLIB_EXPORT_CLASS[m[K(rov_controllers::OsqpThrusterController, controller_interface::ChainableControllerInterface)
[4.241s]       | [01;31m[K^~~~~~~~~~~~~~~~~~~~~~[m[K
[4.364s] gmake[2]: *** [CMakeFiles/rov_control.dir/build.make:76: CMakeFiles/rov_control.dir/src/pwm_interface.cpp.o] Error 1
[4.364s] gmake[1]: *** [CMakeFiles/Makefile2:253: CMakeFiles/rov_control.dir/all] Error 2
[4.364s] gmake[1]: *** Waiting for unfinished jobs....
[4.847s] gmake[2]: *** [CMakeFiles/axis_to_command_controller.dir/build.make:76: CMakeFiles/axis_to_command_controller.dir/src/axis_to_command_controller.cpp.o] Error 1
[4.847s] gmake[1]: *** [CMakeFiles/Makefile2:279: CMakeFiles/axis_to_command_controller.dir/all] Error 2
[4.848s] gmake: *** [Makefile:146: all] Error 2
[4.850s] Invoked command in '/home/artificer/Desktop/ROV2026/build/rov_control' returned '2': CMAKE_PREFIX_PATH=${CMAKE_PREFIX_PATH}:/opt/ros/jazzy /usr/bin/cmake --build /home/artificer/Desktop/ROV2026/build/rov_control -- -j12 -l12
