[01m[K/home/student/Desktop/ROV2026/src/rov_control/src/gamepad_parser_node.cpp:1:10:[m[K [01;31m[Kfatal error: [m[Krov_control/gamepad_parser_node.hpp: No such file or directory
    1 | #include [01;31m[K"rov_control/gamepad_parser_node.hpp"[m[K
      |          [01;31m[K^~~~~~~~~~~~~~~~~~~~~~~~~~~~~~~~~~~~~[m[K
compilation terminated.
gmake[2]: *** [CMakeFiles/gamepad_parser_node.dir/build.make:76: CMakeFiles/gamepad_parser_node.dir/src/gamepad_parser_node.cpp.o] Error 1
gmake[1]: *** [CMakeFiles/Makefile2:281: CMakeFiles/gamepad_parser_node.dir/all] Error 2
gmake[1]: *** Waiting for unfinished jobs....
gmake: *** [Makefile:146: all] Error 2
