[0.009s] Invoking command in '/home/student/Desktop/ROV2026/build/rov_control': CMAKE_PREFIX_PATH=${CMAKE_PREFIX_PATH}:/opt/ros/jazzy /usr/bin/cmake --build /home/student/Desktop/ROV2026/build/rov_control -- -j6 -l6
[0.037s] -- Found ament_cmake: 2.5.4 (/opt/ros/jazzy/share/ament_cmake/cmake)
[0.219s] -- Found rclcpp: 28.1.9 (/opt/ros/jazzy/share/rclcpp/cmake)
[0.244s] -- Found rosidl_generator_c: 4.6.5 (/opt/ros/jazzy/share/rosidl_generator_c/cmake)
[0.252s] -- Found rosidl_generator_cpp: 4.6.5 (/opt/ros/jazzy/share/rosidl_generator_cpp/cmake)
[0.262s] -- Using all available rosidl_typesupport_c: rosidl_typesupport_fastrtps_c;rosidl_typesupport_introspection_c
[0.274s] -- Using all available rosidl_typesupport_cpp: rosidl_typesupport_fastrtps_cpp;rosidl_typesupport_introspection_cpp
[0.330s] -- Found rmw_implementation_cmake: 7.3.2 (/opt/ros/jazzy/share/rmw_implementation_cmake/cmake)
[0.332s] -- Found rmw_fastrtps_cpp: 8.4.2 (/opt/ros/jazzy/share/rmw_fastrtps_cpp/cmake)
[0.385s] -- Using RMW implementation 'rmw_fastrtps_cpp' as default
[0.444s] -- Found hardware_interface: 4.29.0 (/opt/ros/jazzy/share/hardware_interface/cmake)
[0.662s] -- Found controller_interface: 4.29.0 (/opt/ros/jazzy/share/controller_interface/cmake)
[0.669s] -- Debug mode: 
[0.669s] -- We are on a Linux system
[0.669s] -- Embedded mode: OFF
[0.669s] -- Algebra backend: builtin
[0.669s] -- Solver profiling: ON
[0.669s] -- Solver interrupt: ON
[0.669s] -- Using double precision floating-point
[0.669s] -- Using long integers
[0.669s] -- Code generation: ON
[0.669s] -- Derivative support: ON
[0.674s] -- Fetching/configuring QDLDL solver
[1.143s] --   Using double precision floats
[1.143s] --   Long integers (64bit) are ON
[1.144s] --   Static library build is OFF
[1.145s] --   Shared library build is OFF
[1.145s] --   Demo executable build is OFF
[1.145s] --   Not building demo executable
[1.145s] --   Unit testing suite build is OFF
[1.145s] -- Build static library: ON
[1.145s] -- Build shared library: ON
[1.145s] -- Build demo executable: ON
[1.225s] -- Configuring done (1.2s)
[1.279s] -- Generating done (0.0s)
[1.291s] -- Build files have been written to: /home/student/Desktop/ROV2026/build/rov_control
[1.329s] [ 17%] Built target copy_codegen_linalg
[1.329s] [ 18%] [32mBuilding CXX object CMakeFiles/gamepad_parser_node.dir/src/gamepad_parser_node.cpp.o[0m
[1.330s] [ 20%] Built target copy_codegen_makefile
[1.330s] [ 20%] Built target qdldlobject
[1.334s] [ 40%] Built target copy_codegen_incs
[1.336s] [ 42%] Built target rov_control
[1.336s] [01m[K/home/student/Desktop/ROV2026/src/rov_control/src/gamepad_parser_node.cpp:1:10:[m[K [01;31m[Kfatal error: [m[Krov_control/gamepad_parser_node.hpp: No such file or directory
[1.336s]     1 | #include [01;31m[K"rov_control/gamepad_parser_node.hpp"[m[K
[1.337s]       |          [01;31m[K^~~~~~~~~~~~~~~~~~~~~~~~~~~~~~~~~~~~~[m[K
[1.337s] compilation terminated.
[1.337s] gmake[2]: *** [CMakeFiles/gamepad_parser_node.dir/build.make:76: CMakeFiles/gamepad_parser_node.dir/src/gamepad_parser_node.cpp.o] Error 1
[1.337s] gmake[1]: *** [CMakeFiles/Makefile2:281: CMakeFiles/gamepad_parser_node.dir/all] Error 2
[1.337s] gmake[1]: *** Waiting for unfinished jobs....
[1.345s] [ 47%] Built target copy_codegen_srcs
[1.360s] [ 78%] Built target OSQPLIB
[1.360s] gmake: *** [Makefile:146: all] Error 2
[1.362s] Invoked command in '/home/student/Desktop/ROV2026/build/rov_control' returned '2': CMAKE_PREFIX_PATH=${CMAKE_PREFIX_PATH}:/opt/ros/jazzy /usr/bin/cmake --build /home/student/Desktop/ROV2026/build/rov_control -- -j6 -l6
