[0.008s] Invoking command in '/home/artificer/Desktop/ROV2026/build/rov_control': CMAKE_PREFIX_PATH=${CMAKE_PREFIX_PATH}:/opt/ros/jazzy /usr/bin/cmake /home/artificer/Desktop/ROV2026/src/rov_control -DCMAKE_VERBOSE_MAKEFILE=ON -DCMAKE_INSTALL_PREFIX=/home/artificer/Desktop/ROV2026/install/rov_control
[0.019s] -- Found ament_cmake: 2.5.4 (/opt/ros/jazzy/share/ament_cmake/cmake)
[0.189s] -- Found rclcpp: 28.1.9 (/opt/ros/jazzy/share/rclcpp/cmake)
[0.214s] -- Found rosidl_generator_c: 4.6.5 (/opt/ros/jazzy/share/rosidl_generator_c/cmake)
[0.221s] -- Found rosidl_generator_cpp: 4.6.5 (/opt/ros/jazzy/share/rosidl_generator_cpp/cmake)
[0.231s] -- Using all available rosidl_typesupport_c: rosidl_typesupport_fastrtps_c;rosidl_typesupport_introspection_c
[0.241s] -- Using all available rosidl_typesupport_cpp: rosidl_typesupport_fastrtps_cpp;rosidl_typesupport_introspection_cpp
[0.293s] -- Found rmw_implementation_cmake: 7.3.2 (/opt/ros/jazzy/share/rmw_implementation_cmake/cmake)
[0.294s] -- Found rmw_fastrtps_cpp: 8.4.2 (/opt/ros/jazzy/share/rmw_fastrtps_cpp/cmake)
[0.349s] -- Using RMW implementation 'rmw_fastrtps_cpp' as default
[0.405s] -- Found hardware_interface: 4.29.0 (/opt/ros/jazzy/share/hardware_interface/cmake)
[0.603s] -- Found controller_interface: 4.29.0 (/opt/ros/jazzy/share/controller_interface/cmake)
[0.609s] -- Debug mode: 
[0.609s] -- We are on a Linux system
[0.609s] -- Embedded mode: OFF
[0.609s] -- Algebra backend: builtin
[0.610s] -- Solver profiling: ON
[0.610s] -- Solver interrupt: ON
[0.610s] -- Using double precision floating-point
[0.610s] -- Using long integers
[0.610s] -- Code generation: ON
[0.610s] -- Derivative support: ON
[0.615s] -- Fetching/configuring QDLDL solver
[1.064s] --   Using double precision floats
[1.064s] --   Long integers (64bit) are ON
[1.066s] --   Static library build is OFF
[1.066s] --   Shared library build is OFF
[1.066s] --   Demo executable build is OFF
[1.066s] --   Not building demo executable
[1.066s] --   Unit testing suite build is OFF
[1.066s] -- Build static library: ON
[1.067s] -- Build shared library: ON
[1.067s] -- Build demo executable: ON
[1.142s] -- Configuring done (1.1s)
[1.192s] -- Generating done (0.0s)
[1.202s] -- Build files have been written to: /home/artificer/Desktop/ROV2026/build/rov_control
[1.215s] Invoked command in '/home/artificer/Desktop/ROV2026/build/rov_control' returned '0': CMAKE_PREFIX_PATH=${CMAKE_PREFIX_PATH}:/opt/ros/jazzy /usr/bin/cmake /home/artificer/Desktop/ROV2026/src/rov_control -DCMAKE_VERBOSE_MAKEFILE=ON -DCMAKE_INSTALL_PREFIX=/home/artificer/Desktop/ROV2026/install/rov_control
[1.217s] Invoking command in '/home/artificer/Desktop/ROV2026/build/rov_control': CMAKE_PREFIX_PATH=${CMAKE_PREFIX_PATH}:/opt/ros/jazzy /usr/bin/cmake --build /home/artificer/Desktop/ROV2026/build/rov_control -- -j12 -l12
[1.224s] Change Dir: '/home/artificer/Desktop/ROV2026/build/rov_control'
[1.224s] 
[1.224s] Run Build Command(s): /usr/bin/cmake -E env VERBOSE=1 /usr/bin/gmake -f Makefile -j12 -l12
[1.232s] /usr/bin/cmake -P /home/artificer/Desktop/ROV2026/build/rov_control/CMakeFiles/VerifyGlobs.cmake
[1.240s] /usr/bin/cmake -S/home/artificer/Desktop/ROV2026/src/rov_control -B/home/artificer/Desktop/ROV2026/build/rov_control --check-build-system CMakeFiles/Makefile.cmake 0
[1.251s] /usr/bin/cmake -E cmake_progress_start /home/artificer/Desktop/ROV2026/build/rov_control/CMakeFiles /home/artificer/Desktop/ROV2026/build/rov_control//CMakeFiles/progress.marks
[1.260s] /usr/bin/gmake  -f CMakeFiles/Makefile2 all
[1.261s] gmake[1]: Entering directory '/home/artificer/Desktop/ROV2026/build/rov_control'
[1.262s] /usr/bin/gmake  -f CMakeFiles/rov_control.dir/build.make CMakeFiles/rov_control.dir/depend
[1.262s] /usr/bin/gmake  -f _deps/qdldl-build/CMakeFiles/qdldlobject.dir/build.make _deps/qdldl-build/CMakeFiles/qdldlobject.dir/depend
[1.262s] /usr/bin/gmake  -f external/osqp/algebra/builtin/CMakeFiles/copy_codegen_linalg.dir/build.make external/osqp/algebra/builtin/CMakeFiles/copy_codegen_linalg.dir/depend
[1.262s] /usr/bin/gmake  -f external/osqp/CMakeFiles/copy_codegen_makefile.dir/build.make external/osqp/CMakeFiles/copy_codegen_makefile.dir/depend
[1.262s] /usr/bin/gmake  -f external/osqp/include/CMakeFiles/copy_codegen_incs.dir/build.make external/osqp/include/CMakeFiles/copy_codegen_incs.dir/depend
[1.262s] /usr/bin/gmake  -f external/osqp/src/CMakeFiles/copy_codegen_srcs.dir/build.make external/osqp/src/CMakeFiles/copy_codegen_srcs.dir/depend
[1.262s] gmake[2]: Entering directory '/home/artificer/Desktop/ROV2026/build/rov_control'
[1.263s] cd /home/artificer/Desktop/ROV2026/build/rov_control && /usr/bin/cmake -E cmake_depends "Unix Makefiles" /home/artificer/Desktop/ROV2026/src/rov_control /home/artificer/Desktop/ROV2026/build/rov_control/_deps/qdldl-src /home/artificer/Desktop/ROV2026/build/rov_control /home/artificer/Desktop/ROV2026/build/rov_control/_deps/qdldl-build /home/artificer/Desktop/ROV2026/build/rov_control/_deps/qdldl-build/CMakeFiles/qdldlobject.dir/DependInfo.cmake "--color="
[1.263s] gmake[2]: Entering directory '/home/artificer/Desktop/ROV2026/build/rov_control'
[1.263s] cd /home/artificer/Desktop/ROV2026/build/rov_control && /usr/bin/cmake -E cmake_depends "Unix Makefiles" /home/artificer/Desktop/ROV2026/src/rov_control /home/artificer/Desktop/ROV2026/src/rov_control /home/artificer/Desktop/ROV2026/build/rov_control /home/artificer/Desktop/ROV2026/build/rov_control /home/artificer/Desktop/ROV2026/build/rov_control/CMakeFiles/rov_control.dir/DependInfo.cmake "--color="
[1.263s] gmake[2]: Entering directory '/home/artificer/Desktop/ROV2026/build/rov_control'
[1.263s] cd /home/artificer/Desktop/ROV2026/build/rov_control && /usr/bin/cmake -E cmake_depends "Unix Makefiles" /home/artificer/Desktop/ROV2026/src/rov_control /home/artificer/Desktop/ROV2026/src/rov_control/external/osqp/algebra/builtin /home/artificer/Desktop/ROV2026/build/rov_control /home/artificer/Desktop/ROV2026/build/rov_control/external/osqp/algebra/builtin /home/artificer/Desktop/ROV2026/build/rov_control/external/osqp/algebra/builtin/CMakeFiles/copy_codegen_linalg.dir/DependInfo.cmake "--color="
[1.263s] gmake[2]: Entering directory '/home/artificer/Desktop/ROV2026/build/rov_control'
[1.263s] cd /home/artificer/Desktop/ROV2026/build/rov_control && /usr/bin/cmake -E cmake_depends "Unix Makefiles" /home/artificer/Desktop/ROV2026/src/rov_control /home/artificer/Desktop/ROV2026/src/rov_control/external/osqp /home/artificer/Desktop/ROV2026/build/rov_control /home/artificer/Desktop/ROV2026/build/rov_control/external/osqp /home/artificer/Desktop/ROV2026/build/rov_control/external/osqp/CMakeFiles/copy_codegen_makefile.dir/DependInfo.cmake "--color="
[1.263s] gmake[2]: Entering directory '/home/artificer/Desktop/ROV2026/build/rov_control'
[1.263s] cd /home/artificer/Desktop/ROV2026/build/rov_control && /usr/bin/cmake -E cmake_depends "Unix Makefiles" /home/artificer/Desktop/ROV2026/src/rov_control /home/artificer/Desktop/ROV2026/src/rov_control/external/osqp/src /home/artificer/Desktop/ROV2026/build/rov_control /home/artificer/Desktop/ROV2026/build/rov_control/external/osqp/src /home/artificer/Desktop/ROV2026/build/rov_control/external/osqp/src/CMakeFiles/copy_codegen_srcs.dir/DependInfo.cmake "--color="
[1.264s] gmake[2]: Entering directory '/home/artificer/Desktop/ROV2026/build/rov_control'
[1.264s] cd /home/artificer/Desktop/ROV2026/build/rov_control && /usr/bin/cmake -E cmake_depends "Unix Makefiles" /home/artificer/Desktop/ROV2026/src/rov_control /home/artificer/Desktop/ROV2026/src/rov_control/external/osqp/include /home/artificer/Desktop/ROV2026/build/rov_control /home/artificer/Desktop/ROV2026/build/rov_control/external/osqp/include /home/artificer/Desktop/ROV2026/build/rov_control/external/osqp/include/CMakeFiles/copy_codegen_incs.dir/DependInfo.cmake "--color="
[1.270s] Dependencies file "_deps/qdldl-build/CMakeFiles/qdldlobject.dir/src/qdldl.c.o.d" is newer than depends file "/home/artificer/Desktop/ROV2026/build/rov_control/_deps/qdldl-build/CMakeFiles/qdldlobject.dir/compiler_depend.internal".
[1.270s] Dependencies file "CMakeFiles/rov_control.dir/src/pwm_interface.cpp.o.d" is newer than depends file "/home/artificer/Desktop/ROV2026/build/rov_control/CMakeFiles/rov_control.dir/compiler_depend.internal".
[1.270s] [35m[1mConsolidate compiler generated dependencies of target qdldlobject[0m
[1.270s] [35m[1mConsolidate compiler generated dependencies of target rov_control[0m
[1.271s] gmake[2]: Leaving directory '/home/artificer/Desktop/ROV2026/build/rov_control'
[1.271s] gmake[2]: Leaving directory '/home/artificer/Desktop/ROV2026/build/rov_control'
[1.271s] gmake[2]: Leaving directory '/home/artificer/Desktop/ROV2026/build/rov_control'
[1.271s] /usr/bin/gmake  -f external/osqp/algebra/builtin/CMakeFiles/copy_codegen_linalg.dir/build.make external/osqp/algebra/builtin/CMakeFiles/copy_codegen_linalg.dir/build
[1.271s] /usr/bin/gmake  -f external/osqp/CMakeFiles/copy_codegen_makefile.dir/build.make external/osqp/CMakeFiles/copy_codegen_makefile.dir/build
[1.271s] gmake[2]: Leaving directory '/home/artificer/Desktop/ROV2026/build/rov_control'
[1.271s] /usr/bin/gmake  -f external/osqp/src/CMakeFiles/copy_codegen_srcs.dir/build.make external/osqp/src/CMakeFiles/copy_codegen_srcs.dir/build
[1.271s] gmake[2]: Leaving directory '/home/artificer/Desktop/ROV2026/build/rov_control'
[1.271s] /usr/bin/gmake  -f _deps/qdldl-build/CMakeFiles/qdldlobject.dir/build.make _deps/qdldl-build/CMakeFiles/qdldlobject.dir/build
[1.271s] /usr/bin/gmake  -f external/osqp/include/CMakeFiles/copy_codegen_incs.dir/build.make external/osqp/include/CMakeFiles/copy_codegen_incs.dir/build
[1.272s] gmake[2]: Entering directory '/home/artificer/Desktop/ROV2026/build/rov_control'
[1.272s] gmake[2]: Nothing to be done for 'external/osqp/CMakeFiles/copy_codegen_makefile.dir/build'.
[1.272s] gmake[2]: Leaving directory '/home/artificer/Desktop/ROV2026/build/rov_control'
[1.272s] gmake[2]: Entering directory '/home/artificer/Desktop/ROV2026/build/rov_control'
[1.272s] gmake[2]: Nothing to be done for 'external/osqp/algebra/builtin/CMakeFiles/copy_codegen_linalg.dir/build'.
[1.272s] gmake[2]: Leaving directory '/home/artificer/Desktop/ROV2026/build/rov_control'
[1.273s] gmake[2]: Entering directory '/home/artificer/Desktop/ROV2026/build/rov_control'
[1.273s] gmake[2]: Nothing to be done for 'external/osqp/src/CMakeFiles/copy_codegen_srcs.dir/build'.
[1.273s] gmake[2]: Leaving directory '/home/artificer/Desktop/ROV2026/build/rov_control'
[1.273s] gmake[2]: Entering directory '/home/artificer/Desktop/ROV2026/build/rov_control'
[1.273s] gmake[2]: Nothing to be done for '_deps/qdldl-build/CMakeFiles/qdldlobject.dir/build'.
[1.273s] gmake[2]: Leaving directory '/home/artificer/Desktop/ROV2026/build/rov_control'
[1.273s] gmake[2]: Entering directory '/home/artificer/Desktop/ROV2026/build/rov_control'
[1.273s] gmake[2]: Nothing to be done for 'external/osqp/include/CMakeFiles/copy_codegen_incs.dir/build'.
[1.273s] gmake[2]: Leaving directory '/home/artificer/Desktop/ROV2026/build/rov_control'
[1.277s] gmake[2]: Leaving directory '/home/artificer/Desktop/ROV2026/build/rov_control'
[1.277s] /usr/bin/gmake  -f CMakeFiles/rov_control.dir/build.make CMakeFiles/rov_control.dir/build
[1.279s] [  3%] Built target copy_codegen_makefile
[1.279s] [ 18%] Built target copy_codegen_linalg
[1.280s] [ 38%] Built target copy_codegen_incs
[1.280s] [ 41%] Built target qdldlobject
[1.280s] [ 45%] Built target copy_codegen_srcs
[1.282s] /usr/bin/gmake  -f external/osqp/CMakeFiles/OSQPLIB.dir/build.make external/osqp/CMakeFiles/OSQPLIB.dir/depend
[1.282s] /usr/bin/gmake  -f external/osqp/CMakeFiles/copy_codegen_files.dir/build.make external/osqp/CMakeFiles/copy_codegen_files.dir/depend
[1.282s] gmake[2]: Entering directory '/home/artificer/Desktop/ROV2026/build/rov_control'
[1.283s] gmake[2]: Entering directory '/home/artificer/Desktop/ROV2026/build/rov_control'
[1.283s] cd /home/artificer/Desktop/ROV2026/build/rov_control && /usr/bin/cmake -E cmake_depends "Unix Makefiles" /home/artificer/Desktop/ROV2026/src/rov_control /home/artificer/Desktop/ROV2026/src/rov_control/external/osqp /home/artificer/Desktop/ROV2026/build/rov_control /home/artificer/Desktop/ROV2026/build/rov_control/external/osqp /home/artificer/Desktop/ROV2026/build/rov_control/external/osqp/CMakeFiles/copy_codegen_files.dir/DependInfo.cmake "--color="
[1.283s] gmake[2]: Entering directory '/home/artificer/Desktop/ROV2026/build/rov_control'
[1.283s] cd /home/artificer/Desktop/ROV2026/build/rov_control && /usr/bin/cmake -E cmake_depends "Unix Makefiles" /home/artificer/Desktop/ROV2026/src/rov_control /home/artificer/Desktop/ROV2026/src/rov_control/external/osqp /home/artificer/Desktop/ROV2026/build/rov_control /home/artificer/Desktop/ROV2026/build/rov_control/external/osqp /home/artificer/Desktop/ROV2026/build/rov_control/external/osqp/CMakeFiles/OSQPLIB.dir/DependInfo.cmake "--color="
[1.289s] [ 46%] [32mBuilding CXX object CMakeFiles/rov_control.dir/src/pwm_interface.cpp.o[0m
[1.289s] Dependencies file "external/osqp/CMakeFiles/OSQPLIB.dir/algebra/_common/csc_math.c.o.d" is newer than depends file "/home/artificer/Desktop/ROV2026/build/rov_control/external/osqp/CMakeFiles/OSQPLIB.dir/compiler_depend.internal".
[1.289s] Dependencies file "external/osqp/CMakeFiles/OSQPLIB.dir/algebra/_common/csc_utils.c.o.d" is newer than depends file "/home/artificer/Desktop/ROV2026/build/rov_control/external/osqp/CMakeFiles/OSQPLIB.dir/compiler_depend.internal".
[1.289s] Dependencies file "external/osqp/CMakeFiles/OSQPLIB.dir/algebra/_common/kkt.c.o.d" is newer than depends file "/home/artificer/Desktop/ROV2026/build/rov_control/external/osqp/CMakeFiles/OSQPLIB.dir/compiler_depend.internal".
[1.289s] Dependencies file "external/osqp/CMakeFiles/OSQPLIB.dir/algebra/_common/lin_sys/qdldl/amd/src/SuiteSparse_config.c.o.d" is newer than depends file "/home/artificer/Desktop/ROV2026/build/rov_control/external/osqp/CMakeFiles/OSQPLIB.dir/compiler_depend.internal".
[1.290s] Dependencies file "external/osqp/CMakeFiles/OSQPLIB.dir/algebra/_common/lin_sys/qdldl/amd/src/amd_1.c.o.d" is newer than depends file "/home/artificer/Desktop/ROV2026/build/rov_control/external/osqp/CMakeFiles/OSQPLIB.dir/compiler_depend.internal".
[1.290s] Dependencies file "external/osqp/CMakeFiles/OSQPLIB.dir/algebra/_common/lin_sys/qdldl/amd/src/amd_2.c.o.d" is newer than depends file "/home/artificer/Desktop/ROV2026/build/rov_control/external/osqp/CMakeFiles/OSQPLIB.dir/compiler_depend.internal".
[1.290s] Dependencies file "external/osqp/CMakeFiles/OSQPLIB.dir/algebra/_common/lin_sys/qdldl/amd/src/amd_aat.c.o.d" is newer than depends file "/home/artificer/Desktop/ROV2026/build/rov_control/external/osqp/CMakeFiles/OSQPLIB.dir/compiler_depend.internal".
[1.290s] Dependencies file "external/osqp/CMakeFiles/OSQPLIB.dir/algebra/_common/lin_sys/qdldl/amd/src/amd_control.c.o.d" is newer than depends file "/home/artificer/Desktop/ROV2026/build/rov_control/external/osqp/CMakeFiles/OSQPLIB.dir/compiler_depend.internal".
[1.290s] /usr/bin/c++ -DDEFAULT_RMW_IMPLEMENTATION=rmw_fastrtps_cpp -DFASTCDR_DYN_LINK -DTINYXML2_IMPORT -D_FILE_OFFSET_BITS=64 -Drov_control_EXPORTS -I/home/artificer/Desktop/ROV2026/src/rov_control/include -isystem /opt/ros/jazzy/include/rclcpp -isystem /opt/ros/jazzy/include/hardware_interface -isystem /opt/ros/jazzy/include/pal_statistics_msgs -isystem /opt/ros/jazzy/include/rclcpp_lifecycle -isystem /opt/ros/jazzy/include -isystem /opt/ros/jazzy/include/pluginlib -isystem /opt/ros/jazzy/include/controller_interface -isystem /opt/ros/jazzy/include/builtin_interfaces -isystem /opt/ros/jazzy/include/rosidl_runtime_c -isystem /opt/ros/jazzy/include/rcutils -isystem /opt/ros/jazzy/include/rosidl_typesupport_interface -isystem /opt/ros/jazzy/include/fastcdr -isystem /opt/ros/jazzy/include/rosidl_runtime_cpp -isystem /opt/ros/jazzy/include/rosidl_typesupport_fastrtps_cpp -isystem /opt/ros/jazzy/include/rmw -isystem /opt/ros/jazzy/include/rosidl_dynamic_typesupport -isystem /opt/ros/jazzy/include/rosidl_typesupport_fastrtps_c -isystem /opt/ros/jazzy/include/rosidl_typesupport_introspection_c -isystem /opt/ros/jazzy/include/rosidl_typesupport_introspection_cpp -isystem /opt/ros/jazzy/include/libstatistics_collector -isystem /opt/ros/jazzy/include/rcl -isystem /opt/ros/jazzy/include/rcl_interfaces -isystem /opt/ros/jazzy/include/service_msgs -isystem /opt/ros/jazzy/include/rcl_logging_interface -isystem /opt/ros/jazzy/include/rcl_yaml_param_parser -isystem /opt/ros/jazzy/include/type_description_interfaces -isystem /opt/ros/jazzy/include/rcpputils -isystem /opt/ros/jazzy/include/statistics_msgs -isystem /opt/ros/jazzy/include/rosgraph_msgs -isystem /opt/ros/jazzy/include/rosidl_typesupport_cpp -isystem /opt/ros/jazzy/include/rosidl_typesupport_c -isystem /opt/ros/jazzy/include/tracetools -isystem /opt/ros/jazzy/include/control_msgs -isystem /opt/ros/jazzy/include/action_msgs -isystem /opt/ros/jazzy/include/unique_identifier_msgs -isystem /opt/ros/jazzy/include/geometry_msgs -isystem /opt/ros/jazzy/include/std_msgs -isystem /opt/ros/jazzy/include/sensor_msgs -isystem /opt/ros/jazzy/include/trajectory_msgs -isystem /opt/ros/jazzy/include/lifecycle_msgs -isystem /opt/ros/jazzy/include/ament_index_cpp -isystem /opt/ros/jazzy/include/class_loader -isystem /opt/ros/jazzy/include/rcl_lifecycle -isystem /opt/ros/jazzy/include/realtime_tools -isystem /opt/ros/jazzy/include/rclcpp_action -isystem /opt/ros/jazzy/include/rcl_action -isystem /opt/ros/jazzy/include/joint_limits -isystem /opt/ros/jazzy/include/urdf -isystem /opt/ros/jazzy/include/urdfdom -isystem /opt/ros/jazzy/include/urdfdom_headers -fPIC -MD -MT CMakeFiles/rov_control.dir/src/pwm_interface.cpp.o -MF CMakeFiles/rov_control.dir/src/pwm_interface.cpp.o.d -o CMakeFiles/rov_control.dir/src/pwm_interface.cpp.o -c /home/artificer/Desktop/ROV2026/src/rov_control/src/pwm_interface.cpp
[1.290s] Dependencies file "external/osqp/CMakeFiles/OSQPLIB.dir/algebra/_common/lin_sys/qdldl/amd/src/amd_defaults.c.o.d" is newer than depends file "/home/artificer/Desktop/ROV2026/build/rov_control/external/osqp/CMakeFiles/OSQPLIB.dir/compiler_depend.internal".
[1.290s] gmake[2]: Leaving directory '/home/artificer/Desktop/ROV2026/build/rov_control'
[1.290s] Dependencies file "external/osqp/CMakeFiles/OSQPLIB.dir/algebra/_common/lin_sys/qdldl/amd/src/amd_info.c.o.d" is newer than depends file "/home/artificer/Desktop/ROV2026/build/rov_control/external/osqp/CMakeFiles/OSQPLIB.dir/compiler_depend.internal".
[1.290s] /usr/bin/gmake  -f external/osqp/CMakeFiles/copy_codegen_files.dir/build.make external/osqp/CMakeFiles/copy_codegen_files.dir/build
[1.290s] Dependencies file "external/osqp/CMakeFiles/OSQPLIB.dir/algebra/_common/lin_sys/qdldl/amd/src/amd_order.c.o.d" is newer than depends file "/home/artificer/Desktop/ROV2026/build/rov_control/external/osqp/CMakeFiles/OSQPLIB.dir/compiler_depend.internal".
[1.290s] Dependencies file "external/osqp/CMakeFiles/OSQPLIB.dir/algebra/_common/lin_sys/qdldl/amd/src/amd_post_tree.c.o.d" is newer than depends file "/home/artificer/Desktop/ROV2026/build/rov_control/external/osqp/CMakeFiles/OSQPLIB.dir/compiler_depend.internal".
[1.291s] Dependencies file "external/osqp/CMakeFiles/OSQPLIB.dir/algebra/_common/lin_sys/qdldl/amd/src/amd_postorder.c.o.d" is newer than depends file "/home/artificer/Desktop/ROV2026/build/rov_control/external/osqp/CMakeFiles/OSQPLIB.dir/compiler_depend.internal".
[1.291s] Dependencies file "external/osqp/CMakeFiles/OSQPLIB.dir/algebra/_common/lin_sys/qdldl/amd/src/amd_preprocess.c.o.d" is newer than depends file "/home/artificer/Desktop/ROV2026/build/rov_control/external/osqp/CMakeFiles/OSQPLIB.dir/compiler_depend.internal".
[1.291s] Dependencies file "external/osqp/CMakeFiles/OSQPLIB.dir/algebra/_common/lin_sys/qdldl/amd/src/amd_valid.c.o.d" is newer than depends file "/home/artificer/Desktop/ROV2026/build/rov_control/external/osqp/CMakeFiles/OSQPLIB.dir/compiler_depend.internal".
[1.291s] Dependencies file "external/osqp/CMakeFiles/OSQPLIB.dir/algebra/_common/lin_sys/qdldl/qdldl_interface.c.o.d" is newer than depends file "/home/artificer/Desktop/ROV2026/build/rov_control/external/osqp/CMakeFiles/OSQPLIB.dir/compiler_depend.internal".
[1.291s] Dependencies file "external/osqp/CMakeFiles/OSQPLIB.dir/algebra/builtin/algebra_libs.c.o.d" is newer than depends file "/home/artificer/Desktop/ROV2026/build/rov_control/external/osqp/CMakeFiles/OSQPLIB.dir/compiler_depend.internal".
[1.291s] Dependencies file "external/osqp/CMakeFiles/OSQPLIB.dir/algebra/builtin/matrix.c.o.d" is newer than depends file "/home/artificer/Desktop/ROV2026/build/rov_control/external/osqp/CMakeFiles/OSQPLIB.dir/compiler_depend.internal".
[1.291s] Dependencies file "external/osqp/CMakeFiles/OSQPLIB.dir/algebra/builtin/vector.c.o.d" is newer than depends file "/home/artificer/Desktop/ROV2026/build/rov_control/external/osqp/CMakeFiles/OSQPLIB.dir/compiler_depend.internal".
[1.291s] gmake[2]: Entering directory '/home/artificer/Desktop/ROV2026/build/rov_control'
[1.291s] gmake[2]: Nothing to be done for 'external/osqp/CMakeFiles/copy_codegen_files.dir/build'.
[1.291s] gmake[2]: Leaving directory '/home/artificer/Desktop/ROV2026/build/rov_control'
[1.291s] Dependencies file "external/osqp/CMakeFiles/OSQPLIB.dir/src/auxil.c.o.d" is newer than depends file "/home/artificer/Desktop/ROV2026/build/rov_control/external/osqp/CMakeFiles/OSQPLIB.dir/compiler_depend.internal".
[1.291s] Dependencies file "external/osqp/CMakeFiles/OSQPLIB.dir/src/codegen.c.o.d" is newer than depends file "/home/artificer/Desktop/ROV2026/build/rov_control/external/osqp/CMakeFiles/OSQPLIB.dir/compiler_depend.internal".
[1.291s] Dependencies file "external/osqp/CMakeFiles/OSQPLIB.dir/src/derivative.c.o.d" is newer than depends file "/home/artificer/Desktop/ROV2026/build/rov_control/external/osqp/CMakeFiles/OSQPLIB.dir/compiler_depend.internal".
[1.291s] Dependencies file "external/osqp/CMakeFiles/OSQPLIB.dir/src/error.c.o.d" is newer than depends file "/home/artificer/Desktop/ROV2026/build/rov_control/external/osqp/CMakeFiles/OSQPLIB.dir/compiler_depend.internal".
[1.292s] Dependencies file "external/osqp/CMakeFiles/OSQPLIB.dir/src/interrupt_unix.c.o.d" is newer than depends file "/home/artificer/Desktop/ROV2026/build/rov_control/external/osqp/CMakeFiles/OSQPLIB.dir/compiler_depend.internal".
[1.292s] Dependencies file "external/osqp/CMakeFiles/OSQPLIB.dir/src/polish.c.o.d" is newer than depends file "/home/artificer/Desktop/ROV2026/build/rov_control/external/osqp/CMakeFiles/OSQPLIB.dir/compiler_depend.internal".
[1.292s] Dependencies file "external/osqp/CMakeFiles/OSQPLIB.dir/src/scaling.c.o.d" is newer than depends file "/home/artificer/Desktop/ROV2026/build/rov_control/external/osqp/CMakeFiles/OSQPLIB.dir/compiler_depend.internal".
[1.292s] Dependencies file "external/osqp/CMakeFiles/OSQPLIB.dir/src/timing_linux.c.o.d" is newer than depends file "/home/artificer/Desktop/ROV2026/build/rov_control/external/osqp/CMakeFiles/OSQPLIB.dir/compiler_depend.internal".
[1.292s] Dependencies file "external/osqp/CMakeFiles/OSQPLIB.dir/src/util.c.o.d" is newer than depends file "/home/artificer/Desktop/ROV2026/build/rov_control/external/osqp/CMakeFiles/OSQPLIB.dir/compiler_depend.internal".
[1.292s] [35m[1mConsolidate compiler generated dependencies of target OSQPLIB[0m
[1.297s] gmake[2]: Leaving directory '/home/artificer/Desktop/ROV2026/build/rov_control'
[1.297s] /usr/bin/gmake  -f external/osqp/CMakeFiles/OSQPLIB.dir/build.make external/osqp/CMakeFiles/OSQPLIB.dir/build
[1.298s] [ 46%] Built target copy_codegen_files
[1.301s] gmake[2]: Entering directory '/home/artificer/Desktop/ROV2026/build/rov_control'
[1.301s] gmake[2]: Nothing to be done for 'external/osqp/CMakeFiles/OSQPLIB.dir/build'.
[1.301s] gmake[2]: Leaving directory '/home/artificer/Desktop/ROV2026/build/rov_control'
[1.309s] [ 77%] Built target OSQPLIB
[1.310s] /usr/bin/gmake  -f external/osqp/CMakeFiles/osqpstatic.dir/build.make external/osqp/CMakeFiles/osqpstatic.dir/depend
[1.310s] /usr/bin/gmake  -f external/osqp/CMakeFiles/osqp.dir/build.make external/osqp/CMakeFiles/osqp.dir/depend
[1.311s] gmake[2]: Entering directory '/home/artificer/Desktop/ROV2026/build/rov_control'
[1.311s] cd /home/artificer/Desktop/ROV2026/build/rov_control && /usr/bin/cmake -E cmake_depends "Unix Makefiles" /home/artificer/Desktop/ROV2026/src/rov_control /home/artificer/Desktop/ROV2026/src/rov_control/external/osqp /home/artificer/Desktop/ROV2026/build/rov_control /home/artificer/Desktop/ROV2026/build/rov_control/external/osqp /home/artificer/Desktop/ROV2026/build/rov_control/external/osqp/CMakeFiles/osqpstatic.dir/DependInfo.cmake "--color="
[1.311s] gmake[2]: Entering directory '/home/artificer/Desktop/ROV2026/build/rov_control'
[1.311s] cd /home/artificer/Desktop/ROV2026/build/rov_control && /usr/bin/cmake -E cmake_depends "Unix Makefiles" /home/artificer/Desktop/ROV2026/src/rov_control /home/artificer/Desktop/ROV2026/src/rov_control/external/osqp /home/artificer/Desktop/ROV2026/build/rov_control /home/artificer/Desktop/ROV2026/build/rov_control/external/osqp /home/artificer/Desktop/ROV2026/build/rov_control/external/osqp/CMakeFiles/osqp.dir/DependInfo.cmake "--color="
[1.318s] Dependencies file "external/osqp/CMakeFiles/osqpstatic.dir/src/osqp_api.c.o.d" is newer than depends file "/home/artificer/Desktop/ROV2026/build/rov_control/external/osqp/CMakeFiles/osqpstatic.dir/compiler_depend.internal".
[1.318s] Dependencies file "external/osqp/CMakeFiles/osqp.dir/src/osqp_api.c.o.d" is newer than depends file "/home/artificer/Desktop/ROV2026/build/rov_control/external/osqp/CMakeFiles/osqp.dir/compiler_depend.internal".
[1.318s] [35m[1mConsolidate compiler generated dependencies of target osqpstatic[0m
[1.318s] [35m[1mConsolidate compiler generated dependencies of target osqp[0m
[1.319s] gmake[2]: Leaving directory '/home/artificer/Desktop/ROV2026/build/rov_control'
[1.320s] /usr/bin/gmake  -f external/osqp/CMakeFiles/osqpstatic.dir/build.make external/osqp/CMakeFiles/osqpstatic.dir/build
[1.320s] gmake[2]: Leaving directory '/home/artificer/Desktop/ROV2026/build/rov_control'
[1.320s] /usr/bin/gmake  -f external/osqp/CMakeFiles/osqp.dir/build.make external/osqp/CMakeFiles/osqp.dir/build
[1.321s] gmake[2]: Entering directory '/home/artificer/Desktop/ROV2026/build/rov_control'
[1.321s] gmake[2]: Entering directory '/home/artificer/Desktop/ROV2026/build/rov_control'
[1.328s] [ 80%] [32m[1mLinking C static library out/libosqpstatic.a[0m
[1.329s] [ 80%] [32m[1mLinking C shared library out/libosqp.so[0m
[1.329s] cd /home/artificer/Desktop/ROV2026/build/rov_control/external/osqp && /usr/bin/cmake -P CMakeFiles/osqpstatic.dir/cmake_clean_target.cmake
[1.329s] cd /home/artificer/Desktop/ROV2026/build/rov_control/external/osqp && /usr/bin/cmake -E cmake_link_script CMakeFiles/osqp.dir/link.txt --verbose=1
[1.336s] /usr/bin/cc -fPIC  -O3 -shared -Wl,-soname,libosqp.so -o out/libosqp.so CMakeFiles/osqp.dir/src/osqp_api.c.o CMakeFiles/OSQPLIB.dir/src/auxil.c.o CMakeFiles/OSQPLIB.dir/src/error.c.o CMakeFiles/OSQPLIB.dir/src/scaling.c.o CMakeFiles/OSQPLIB.dir/src/util.c.o CMakeFiles/OSQPLIB.dir/src/polish.c.o CMakeFiles/OSQPLIB.dir/src/derivative.c.o CMakeFiles/OSQPLIB.dir/src/interrupt_unix.c.o CMakeFiles/OSQPLIB.dir/src/timing_linux.c.o CMakeFiles/OSQPLIB.dir/src/codegen.c.o CMakeFiles/OSQPLIB.dir/algebra/_common/csc_math.c.o CMakeFiles/OSQPLIB.dir/algebra/_common/csc_utils.c.o CMakeFiles/OSQPLIB.dir/algebra/builtin/algebra_libs.c.o CMakeFiles/OSQPLIB.dir/algebra/builtin/vector.c.o CMakeFiles/OSQPLIB.dir/algebra/builtin/matrix.c.o CMakeFiles/OSQPLIB.dir/algebra/_common/lin_sys/qdldl/amd/src/SuiteSparse_config.c.o CMakeFiles/OSQPLIB.dir/algebra/_common/lin_sys/qdldl/amd/src/amd_1.c.o CMakeFiles/OSQPLIB.dir/algebra/_common/lin_sys/qdldl/amd/src/amd_2.c.o CMakeFiles/OSQPLIB.dir/algebra/_common/lin_sys/qdldl/amd/src/amd_aat.c.o CMakeFiles/OSQPLIB.dir/algebra/_common/lin_sys/qdldl/amd/src/amd_control.c.o CMakeFiles/OSQPLIB.dir/algebra/_common/lin_sys/qdldl/amd/src/amd_defaults.c.o CMakeFiles/OSQPLIB.dir/algebra/_common/lin_sys/qdldl/amd/src/amd_info.c.o CMakeFiles/OSQPLIB.dir/algebra/_common/lin_sys/qdldl/amd/src/amd_order.c.o CMakeFiles/OSQPLIB.dir/algebra/_common/lin_sys/qdldl/amd/src/amd_post_tree.c.o CMakeFiles/OSQPLIB.dir/algebra/_common/lin_sys/qdldl/amd/src/amd_postorder.c.o CMakeFiles/OSQPLIB.dir/algebra/_common/lin_sys/qdldl/amd/src/amd_preprocess.c.o CMakeFiles/OSQPLIB.dir/algebra/_common/lin_sys/qdldl/amd/src/amd_valid.c.o CMakeFiles/OSQPLIB.dir/algebra/_common/kkt.c.o CMakeFiles/OSQPLIB.dir/algebra/_common/lin_sys/qdldl/qdldl_interface.c.o "../../_deps/qdldl-build/CMakeFiles/qdldlobject.dir/src/qdldl.c.o"   -lm -lrt -ldl 
[1.337s] cd /home/artificer/Desktop/ROV2026/build/rov_control/external/osqp && /usr/bin/cmake -E cmake_link_script CMakeFiles/osqpstatic.dir/link.txt --verbose=1
[1.344s] /usr/bin/ar qc out/libosqpstatic.a CMakeFiles/osqpstatic.dir/src/osqp_api.c.o CMakeFiles/OSQPLIB.dir/src/auxil.c.o CMakeFiles/OSQPLIB.dir/src/error.c.o CMakeFiles/OSQPLIB.dir/src/scaling.c.o CMakeFiles/OSQPLIB.dir/src/util.c.o CMakeFiles/OSQPLIB.dir/src/polish.c.o CMakeFiles/OSQPLIB.dir/src/derivative.c.o CMakeFiles/OSQPLIB.dir/src/interrupt_unix.c.o CMakeFiles/OSQPLIB.dir/src/timing_linux.c.o CMakeFiles/OSQPLIB.dir/src/codegen.c.o CMakeFiles/OSQPLIB.dir/algebra/_common/csc_math.c.o CMakeFiles/OSQPLIB.dir/algebra/_common/csc_utils.c.o CMakeFiles/OSQPLIB.dir/algebra/builtin/algebra_libs.c.o CMakeFiles/OSQPLIB.dir/algebra/builtin/vector.c.o CMakeFiles/OSQPLIB.dir/algebra/builtin/matrix.c.o CMakeFiles/OSQPLIB.dir/algebra/_common/lin_sys/qdldl/amd/src/SuiteSparse_config.c.o CMakeFiles/OSQPLIB.dir/algebra/_common/lin_sys/qdldl/amd/src/amd_1.c.o CMakeFiles/OSQPLIB.dir/algebra/_common/lin_sys/qdldl/amd/src/amd_2.c.o CMakeFiles/OSQPLIB.dir/algebra/_common/lin_sys/qdldl/amd/src/amd_aat.c.o CMakeFiles/OSQPLIB.dir/algebra/_common/lin_sys/qdldl/amd/src/amd_control.c.o CMakeFiles/OSQPLIB.dir/algebra/_common/lin_sys/qdldl/amd/src/amd_defaults.c.o CMakeFiles/OSQPLIB.dir/algebra/_common/lin_sys/qdldl/amd/src/amd_info.c.o CMakeFiles/OSQPLIB.dir/algebra/_common/lin_sys/qdldl/amd/src/amd_order.c.o CMakeFiles/OSQPLIB.dir/algebra/_common/lin_sys/qdldl/amd/src/amd_post_tree.c.o CMakeFiles/OSQPLIB.dir/algebra/_common/lin_sys/qdldl/amd/src/amd_postorder.c.o CMakeFiles/OSQPLIB.dir/algebra/_common/lin_sys/qdldl/amd/src/amd_preprocess.c.o CMakeFiles/OSQPLIB.dir/algebra/_common/lin_sys/qdldl/amd/src/amd_valid.c.o CMakeFiles/OSQPLIB.dir/algebra/_common/kkt.c.o CMakeFiles/OSQPLIB.dir/algebra/_common/lin_sys/qdldl/qdldl_interface.c.o "../../_deps/qdldl-build/CMakeFiles/qdldlobject.dir/src/qdldl.c.o"
[1.351s] /usr/bin/ranlib out/libosqpstatic.a
[1.359s] gmake[2]: Leaving directory '/home/artificer/Desktop/ROV2026/build/rov_control'
[1.360s] gmake[2]: Leaving directory '/home/artificer/Desktop/ROV2026/build/rov_control'
[1.366s] [ 82%] Built target osqpstatic
[1.367s] [ 82%] Built target osqp
[1.367s] /usr/bin/gmake  -f CMakeFiles/axis_to_command_controller.dir/build.make CMakeFiles/axis_to_command_controller.dir/depend
[1.367s] /usr/bin/gmake  -f external/osqp/CMakeFiles/osqp_simple_demo.dir/build.make external/osqp/CMakeFiles/osqp_simple_demo.dir/depend
[1.368s] /usr/bin/gmake  -f external/osqp/CMakeFiles/osqp_demo.dir/build.make external/osqp/CMakeFiles/osqp_demo.dir/depend
[1.368s] /usr/bin/gmake  -f external/osqp/CMakeFiles/osqp_codegen_demo.dir/build.make external/osqp/CMakeFiles/osqp_codegen_demo.dir/depend
[1.368s] gmake[2]: Entering directory '/home/artificer/Desktop/ROV2026/build/rov_control'
[1.369s] cd /home/artificer/Desktop/ROV2026/build/rov_control && /usr/bin/cmake -E cmake_depends "Unix Makefiles" /home/artificer/Desktop/ROV2026/src/rov_control /home/artificer/Desktop/ROV2026/src/rov_control/external/osqp /home/artificer/Desktop/ROV2026/build/rov_control /home/artificer/Desktop/ROV2026/build/rov_control/external/osqp /home/artificer/Desktop/ROV2026/build/rov_control/external/osqp/CMakeFiles/osqp_simple_demo.dir/DependInfo.cmake "--color="
[1.369s] gmake[2]: Entering directory '/home/artificer/Desktop/ROV2026/build/rov_control'
[1.369s] cd /home/artificer/Desktop/ROV2026/build/rov_control && /usr/bin/cmake -E cmake_depends "Unix Makefiles" /home/artificer/Desktop/ROV2026/src/rov_control /home/artificer/Desktop/ROV2026/src/rov_control /home/artificer/Desktop/ROV2026/build/rov_control /home/artificer/Desktop/ROV2026/build/rov_control /home/artificer/Desktop/ROV2026/build/rov_control/CMakeFiles/axis_to_command_controller.dir/DependInfo.cmake "--color="
[1.369s] gmake[2]: Entering directory '/home/artificer/Desktop/ROV2026/build/rov_control'
[1.369s] cd /home/artificer/Desktop/ROV2026/build/rov_control && /usr/bin/cmake -E cmake_depends "Unix Makefiles" /home/artificer/Desktop/ROV2026/src/rov_control /home/artificer/Desktop/ROV2026/src/rov_control/external/osqp /home/artificer/Desktop/ROV2026/build/rov_control /home/artificer/Desktop/ROV2026/build/rov_control/external/osqp /home/artificer/Desktop/ROV2026/build/rov_control/external/osqp/CMakeFiles/osqp_demo.dir/DependInfo.cmake "--color="
[1.369s] gmake[2]: Entering directory '/home/artificer/Desktop/ROV2026/build/rov_control'
[1.369s] cd /home/artificer/Desktop/ROV2026/build/rov_control && /usr/bin/cmake -E cmake_depends "Unix Makefiles" /home/artificer/Desktop/ROV2026/src/rov_control /home/artificer/Desktop/ROV2026/src/rov_control/external/osqp /home/artificer/Desktop/ROV2026/build/rov_control /home/artificer/Desktop/ROV2026/build/rov_control/external/osqp /home/artificer/Desktop/ROV2026/build/rov_control/external/osqp/CMakeFiles/osqp_codegen_demo.dir/DependInfo.cmake "--color="
[1.375s] Dependencies file "external/osqp/CMakeFiles/osqp_simple_demo.dir/examples/osqp_simple_demo.c.o.d" is newer than depends file "/home/artificer/Desktop/ROV2026/build/rov_control/external/osqp/CMakeFiles/osqp_simple_demo.dir/compiler_depend.internal".
[1.375s] Dependencies file "external/osqp/CMakeFiles/osqp_codegen_demo.dir/examples/osqp_codegen_demo.c.o.d" is newer than depends file "/home/artificer/Desktop/ROV2026/build/rov_control/external/osqp/CMakeFiles/osqp_codegen_demo.dir/compiler_depend.internal".
[1.376s] Dependencies file "external/osqp/CMakeFiles/osqp_demo.dir/examples/osqp_demo.c.o.d" is newer than depends file "/home/artificer/Desktop/ROV2026/build/rov_control/external/osqp/CMakeFiles/osqp_demo.dir/compiler_depend.internal".
[1.376s] [35m[1mConsolidate compiler generated dependencies of target osqp_simple_demo[0m
[1.376s] [35m[1mConsolidate compiler generated dependencies of target osqp_codegen_demo[0m
[1.376s] Dependencies file "external/osqp/CMakeFiles/osqp_demo.dir/examples/problems/cvxqp2_s.c.o.d" is newer than depends file "/home/artificer/Desktop/ROV2026/build/rov_control/external/osqp/CMakeFiles/osqp_demo.dir/compiler_depend.internal".
[1.376s] Dependencies file "CMakeFiles/axis_to_command_controller.dir/src/axis_to_command_controller.cpp.o.d" is newer than depends file "/home/artificer/Desktop/ROV2026/build/rov_control/CMakeFiles/axis_to_command_controller.dir/compiler_depend.internal".
[1.376s] Dependencies file "external/osqp/CMakeFiles/osqp_demo.dir/examples/problems/hs21.c.o.d" is newer than depends file "/home/artificer/Desktop/ROV2026/build/rov_control/external/osqp/CMakeFiles/osqp_demo.dir/compiler_depend.internal".
[1.376s] Dependencies file "external/osqp/CMakeFiles/osqp_demo.dir/examples/problems/hs35.c.o.d" is newer than depends file "/home/artificer/Desktop/ROV2026/build/rov_control/external/osqp/CMakeFiles/osqp_demo.dir/compiler_depend.internal".
[1.376s] Dependencies file "external/osqp/CMakeFiles/osqp_demo.dir/examples/problems/largeqp.c.o.d" is newer than depends file "/home/artificer/Desktop/ROV2026/build/rov_control/external/osqp/CMakeFiles/osqp_demo.dir/compiler_depend.internal".
[1.376s] Dependencies file "external/osqp/CMakeFiles/osqp_demo.dir/examples/problems/primalc1.c.o.d" is newer than depends file "/home/artificer/Desktop/ROV2026/build/rov_control/external/osqp/CMakeFiles/osqp_demo.dir/compiler_depend.internal".
[1.376s] Dependencies file "external/osqp/CMakeFiles/osqp_demo.dir/examples/problems/qpcblend.c.o.d" is newer than depends file "/home/artificer/Desktop/ROV2026/build/rov_control/external/osqp/CMakeFiles/osqp_demo.dir/compiler_depend.internal".
[1.376s] Dependencies file "external/osqp/CMakeFiles/osqp_demo.dir/examples/problems/qptest.c.o.d" is newer than depends file "/home/artificer/Desktop/ROV2026/build/rov_control/external/osqp/CMakeFiles/osqp_demo.dir/compiler_depend.internal".
[1.376s] [35m[1mConsolidate compiler generated dependencies of target osqp_demo[0m
[1.377s] [35m[1mConsolidate compiler generated dependencies of target axis_to_command_controller[0m
[1.377s] gmake[2]: Leaving directory '/home/artificer/Desktop/ROV2026/build/rov_control'
[1.377s] /usr/bin/gmake  -f external/osqp/CMakeFiles/osqp_codegen_demo.dir/build.make external/osqp/CMakeFiles/osqp_codegen_demo.dir/build
[1.377s] gmake[2]: Leaving directory '/home/artificer/Desktop/ROV2026/build/rov_control'
[1.377s] /usr/bin/gmake  -f external/osqp/CMakeFiles/osqp_simple_demo.dir/build.make external/osqp/CMakeFiles/osqp_simple_demo.dir/build
[1.378s] gmake[2]: Leaving directory '/home/artificer/Desktop/ROV2026/build/rov_control'
[1.378s] /usr/bin/gmake  -f external/osqp/CMakeFiles/osqp_demo.dir/build.make external/osqp/CMakeFiles/osqp_demo.dir/build
[1.379s] gmake[2]: Entering directory '/home/artificer/Desktop/ROV2026/build/rov_control'
[1.379s] gmake[2]: Entering directory '/home/artificer/Desktop/ROV2026/build/rov_control'
[1.380s] gmake[2]: Entering directory '/home/artificer/Desktop/ROV2026/build/rov_control'
[1.382s] gmake[2]: Leaving directory '/home/artificer/Desktop/ROV2026/build/rov_control'
[1.382s] /usr/bin/gmake  -f CMakeFiles/axis_to_command_controller.dir/build.make CMakeFiles/axis_to_command_controller.dir/build
[1.386s] [ 84%] [32m[1mLinking C executable out/osqp_simple_demo[0m
[1.386s] [ 84%] [32m[1mLinking C executable out/osqp_codegen_demo[0m
[1.387s] cd /home/artificer/Desktop/ROV2026/build/rov_control/external/osqp && /usr/bin/cmake -E cmake_link_script CMakeFiles/osqp_simple_demo.dir/link.txt --verbose=1
[1.387s] cd /home/artificer/Desktop/ROV2026/build/rov_control/external/osqp && /usr/bin/cmake -E cmake_link_script CMakeFiles/osqp_codegen_demo.dir/link.txt --verbose=1
[1.387s] [ 85%] [32m[1mLinking C executable out/osqp_demo[0m
[1.388s] cd /home/artificer/Desktop/ROV2026/build/rov_control/external/osqp && /usr/bin/cmake -E cmake_link_script CMakeFiles/osqp_demo.dir/link.txt --verbose=1
[1.388s] gmake[2]: Entering directory '/home/artificer/Desktop/ROV2026/build/rov_control'
[1.393s] /usr/bin/cc  -O3 CMakeFiles/osqp_codegen_demo.dir/examples/osqp_codegen_demo.c.o -o out/osqp_codegen_demo  out/libosqpstatic.a  -lm -lrt -ldl 
[1.394s] /usr/bin/cc  -O3 CMakeFiles/osqp_simple_demo.dir/examples/osqp_simple_demo.c.o -o out/osqp_simple_demo  out/libosqpstatic.a  -lm -lrt -ldl 
[1.394s] /usr/bin/cc  -O3 CMakeFiles/osqp_demo.dir/examples/osqp_demo.c.o CMakeFiles/osqp_demo.dir/examples/problems/cvxqp2_s.c.o CMakeFiles/osqp_demo.dir/examples/problems/qpcblend.c.o CMakeFiles/osqp_demo.dir/examples/problems/qptest.c.o CMakeFiles/osqp_demo.dir/examples/problems/hs21.c.o CMakeFiles/osqp_demo.dir/examples/problems/hs35.c.o CMakeFiles/osqp_demo.dir/examples/problems/primalc1.c.o CMakeFiles/osqp_demo.dir/examples/problems/largeqp.c.o -o out/osqp_demo  out/libosqpstatic.a  -lm -lrt -ldl 
[1.394s] [ 86%] [32mBuilding CXX object CMakeFiles/axis_to_command_controller.dir/src/axis_to_command_controller.cpp.o[0m
[1.395s] /usr/bin/c++ -DDEFAULT_RMW_IMPLEMENTATION=rmw_fastrtps_cpp -DFASTCDR_DYN_LINK -DTINYXML2_IMPORT -D_FILE_OFFSET_BITS=64 -Daxis_to_command_controller_EXPORTS -I/home/artificer/Desktop/ROV2026/src/rov_control/include -I/home/artificer/Desktop/ROV2026/src/rov_control/external/osqp/include -I/home/artificer/Desktop/ROV2026/src/rov_control/external/osqp/lin_sys/direct/qdldl -I/home/artificer/Desktop/ROV2026/src/rov_control/external/osqp/include/public -I/home/artificer/Desktop/ROV2026/build/rov_control/external/osqp/include/public -isystem /opt/ros/jazzy/include/rclcpp -isystem /opt/ros/jazzy/include/controller_interface -isystem /opt/ros/jazzy/include/hardware_interface -isystem /opt/ros/jazzy/include/pal_statistics_msgs -isystem /opt/ros/jazzy/include/rclcpp_lifecycle -isystem /opt/ros/jazzy/include -isystem /opt/ros/jazzy/include/builtin_interfaces -isystem /opt/ros/jazzy/include/rosidl_runtime_c -isystem /opt/ros/jazzy/include/rcutils -isystem /opt/ros/jazzy/include/rosidl_typesupport_interface -isystem /opt/ros/jazzy/include/fastcdr -isystem /opt/ros/jazzy/include/rosidl_runtime_cpp -isystem /opt/ros/jazzy/include/rosidl_typesupport_fastrtps_cpp -isystem /opt/ros/jazzy/include/rmw -isystem /opt/ros/jazzy/include/rosidl_dynamic_typesupport -isystem /opt/ros/jazzy/include/rosidl_typesupport_fastrtps_c -isystem /opt/ros/jazzy/include/rosidl_typesupport_introspection_c -isystem /opt/ros/jazzy/include/rosidl_typesupport_introspection_cpp -isystem /opt/ros/jazzy/include/libstatistics_collector -isystem /opt/ros/jazzy/include/rcl -isystem /opt/ros/jazzy/include/rcl_interfaces -isystem /opt/ros/jazzy/include/service_msgs -isystem /opt/ros/jazzy/include/rcl_logging_interface -isystem /opt/ros/jazzy/include/rcl_yaml_param_parser -isystem /opt/ros/jazzy/include/type_description_interfaces -isystem /opt/ros/jazzy/include/rcpputils -isystem /opt/ros/jazzy/include/statistics_msgs -isystem /opt/ros/jazzy/include/rosgraph_msgs -isystem /opt/ros/jazzy/include/rosidl_typesupport_cpp -isystem /opt/ros/jazzy/include/rosidl_typesupport_c -isystem /opt/ros/jazzy/include/tracetools -isystem /opt/ros/jazzy/include/control_msgs -isystem /opt/ros/jazzy/include/action_msgs -isystem /opt/ros/jazzy/include/unique_identifier_msgs -isystem /opt/ros/jazzy/include/geometry_msgs -isystem /opt/ros/jazzy/include/std_msgs -isystem /opt/ros/jazzy/include/sensor_msgs -isystem /opt/ros/jazzy/include/trajectory_msgs -isystem /opt/ros/jazzy/include/lifecycle_msgs -isystem /opt/ros/jazzy/include/pluginlib -isystem /opt/ros/jazzy/include/ament_index_cpp -isystem /opt/ros/jazzy/include/class_loader -isystem /opt/ros/jazzy/include/rcl_lifecycle -isystem /opt/ros/jazzy/include/realtime_tools -isystem /opt/ros/jazzy/include/rclcpp_action -isystem /opt/ros/jazzy/include/rcl_action -isystem /opt/ros/jazzy/include/joint_limits -isystem /opt/ros/jazzy/include/urdf -isystem /opt/ros/jazzy/include/urdfdom -isystem /opt/ros/jazzy/include/urdfdom_headers -fPIC -MD -MT CMakeFiles/axis_to_command_controller.dir/src/axis_to_command_controller.cpp.o -MF CMakeFiles/axis_to_command_controller.dir/src/axis_to_command_controller.cpp.o.d -o CMakeFiles/axis_to_command_controller.dir/src/axis_to_command_controller.cpp.o -c /home/artificer/Desktop/ROV2026/src/rov_control/src/axis_to_command_controller.cpp
[1.419s] gmake[2]: Leaving directory '/home/artificer/Desktop/ROV2026/build/rov_control'
[1.419s] gmake[2]: Leaving directory '/home/artificer/Desktop/ROV2026/build/rov_control'
[1.421s] gmake[2]: Leaving directory '/home/artificer/Desktop/ROV2026/build/rov_control'
[1.426s] [ 88%] Built target osqp_simple_demo
[1.426s] [ 88%] Built target osqp_codegen_demo
[1.428s] [ 97%] Built target osqp_demo
[3.375s] [01m[K/home/artificer/Desktop/ROV2026/src/rov_control/src/axis_to_command_controller.cpp:15:1:[m[K [01;31m[Kerror: [m[Kexpected class-name before â€˜[01m[K{[m[Kâ€™ token
[3.375s]    15 | [01;31m[K{[m[K
[3.375s]       | [01;31m[K^[m[K
[3.378s] [01m[K/home/artificer/Desktop/ROV2026/src/rov_control/src/axis_to_command_controller.cpp:28:3:[m[K [01;31m[Kerror: [m[Kâ€˜[01m[KCallbackReturn[m[Kâ€™ does not name a type
[3.378s]    28 |   [01;31m[KCallbackReturn[m[K on_init() override
[3.378s]       |   [01;31m[K^~~~~~~~~~~~~~[m[K
[3.380s] [01m[K/home/artificer/Desktop/ROV2026/src/rov_control/src/axis_to_command_controller.cpp:37:3:[m[K [01;31m[Kerror: [m[Kâ€˜[01m[KCallbackReturn[m[Kâ€™ does not name a type
[3.380s]    37 |   [01;31m[KCallbackReturn[m[K on_configure(const rclcpp_lifecycle::State & previous_state) override
[3.381s]       |   [01;31m[K^~~~~~~~~~~~~~[m[K
[3.383s] [01m[K/home/artificer/Desktop/ROV2026/src/rov_control/src/axis_to_command_controller.cpp:62:3:[m[K [01;31m[Kerror: [m[Kâ€˜[01m[KCallbackReturn[m[Kâ€™ does not name a type
[3.383s]    62 |   [01;31m[KCallbackReturn[m[K on_activate(const rclcpp_lifecycle::State & previous_state) override
[3.383s]       |   [01;31m[K^~~~~~~~~~~~~~[m[K
[3.385s] [01m[K/home/artificer/Desktop/ROV2026/src/rov_control/src/axis_to_command_controller.cpp:67:3:[m[K [01;31m[Kerror: [m[Kâ€˜[01m[KCallbackReturn[m[Kâ€™ does not name a type
[3.385s]    67 |   [01;31m[KCallbackReturn[m[K on_deactivate(const rclcpp_lifecycle::State & previous_state) override
[3.385s]       |   [01;31m[K^~~~~~~~~~~~~~[m[K
[3.392s] [01m[K/home/artificer/Desktop/ROV2026/src/rov_control/src/axis_to_command_controller.cpp:106:19:[m[K [01;31m[Kerror: [m[Kâ€˜[01m[KOSQPData[m[Kâ€™ was not declared in this scope
[3.392s]   106 |   std::unique_ptr<[01;31m[KOSQPData[m[K> qp_data_;
[3.392s]       |                   [01;31m[K^~~~~~~~[m[K
[3.393s] [01m[K/home/artificer/Desktop/ROV2026/src/rov_control/src/axis_to_command_controller.cpp:106:27:[m[K [01;31m[Kerror: [m[Ktemplate argument 1 is invalid
[3.393s]   106 |   std::unique_ptr<OSQPData[01;31m[K>[m[K qp_data_;
[3.393s]       |                           [01;31m[K^[m[K
[3.393s] [01m[K/home/artificer/Desktop/ROV2026/src/rov_control/src/axis_to_command_controller.cpp:106:27:[m[K [01;31m[Kerror: [m[Ktemplate argument 2 is invalid
[3.393s] [01m[K/home/artificer/Desktop/ROV2026/src/rov_control/src/axis_to_command_controller.cpp:18:48:[m[K [01;31m[Kerror: [m[Kâ€˜[01m[Kcontroller_interface::InterfaceConfiguration rov_controllers::AxisToCommandController::[01;32m[Kcommand_interface_configuration[m[K() const[m[Kâ€™ marked â€˜[01m[Koverride[m[Kâ€™, but does not override
[3.393s]    18 |   controller_interface::InterfaceConfiguration [01;31m[Kcommand_interface_configuration[m[K() const override
[3.393s]       |                                                [01;31m[K^~~~~~~~~~~~~~~~~~~~~~~~~~~~~~~[m[K
[3.393s] [01m[K/home/artificer/Desktop/ROV2026/src/rov_control/src/axis_to_command_controller.cpp:23:48:[m[K [01;31m[Kerror: [m[Kâ€˜[01m[Kcontroller_interface::InterfaceConfiguration rov_controllers::AxisToCommandController::[01;32m[Kstate_interface_configuration[m[K() const[m[Kâ€™ marked â€˜[01m[Koverride[m[Kâ€™, but does not override
[3.393s]    23 |   controller_interface::InterfaceConfiguration [01;31m[Kstate_interface_configuration[m[K() const override
[3.393s]       |                                                [01;31m[K^~~~~~~~~~~~~~~~~~~~~~~~~~~~~[m[K
[3.393s] [01m[K/home/artificer/Desktop/ROV2026/src/rov_control/src/axis_to_command_controller.cpp:72:37:[m[K [01;31m[Kerror: [m[Kâ€˜[01m[Kcontroller_interface::return_type rov_controllers::AxisToCommandController::[01;32m[Kupdate[m[K(const rclcpp::Time&, const rclcpp::Duration&)[m[Kâ€™ marked â€˜[01m[Koverride[m[Kâ€™, but does not override
[3.393s]    72 |   controller_interface::return_type [01;31m[Kupdate[m[K(const rclcpp::Time & time, const rclcpp::Duration & period) override
[3.393s]       |                                     [01;31m[K^~~~~~[m[K
[3.394s] [01m[K/home/artificer/Desktop/ROV2026/src/rov_control/src/axis_to_command_controller.cpp:[m[K In member function â€˜[01m[Kcontroller_interface::InterfaceConfiguration rov_controllers::AxisToCommandController::[01;32m[Kcommand_interface_configuration[m[K() const[m[Kâ€™:
[3.394s] [01m[K/home/artificer/Desktop/ROV2026/src/rov_control/src/axis_to_command_controller.cpp:20:64:[m[K [01;31m[Kerror: [m[Kcould not convert â€˜[01m[Kcontroller_interface::interface_configuration_type::INDIVIDUAL[m[Kâ€™ from â€˜[01m[Kcontroller_interface::interface_configuration_type[m[Kâ€™ to â€˜[01m[Kcontroller_interface::InterfaceConfiguration[m[Kâ€™
[3.394s]    20 |     return [01;31m[Kcontroller_interface::interface_configuration_type::INDIVIDUAL[m[K;
[3.394s]       |            [01;31m[K~~~~~~~~~~~~~~~~~~~~~~~~~~~~~~~~~~~~~~~~~~~~~~~~~~~~^~~~~~~~~~[m[K
[3.394s]       |                                                                [01;31m[K|[m[K
[3.394s]       |                                                                [01;31m[Kcontroller_interface::interface_configuration_type[m[K
[3.394s] [01m[K/home/artificer/Desktop/ROV2026/src/rov_control/src/axis_to_command_controller.cpp:[m[K In member function â€˜[01m[Kcontroller_interface::InterfaceConfiguration rov_controllers::AxisToCommandController::[01;32m[Kstate_interface_configuration[m[K() const[m[Kâ€™:
[3.394s] [01m[K/home/artificer/Desktop/ROV2026/src/rov_control/src/axis_to_command_controller.cpp:25:64:[m[K [01;31m[Kerror: [m[Kcould not convert â€˜[01m[Kcontroller_interface::interface_configuration_type::INDIVIDUAL[m[Kâ€™ from â€˜[01m[Kcontroller_interface::interface_configuration_type[m[Kâ€™ to â€˜[01m[Kcontroller_interface::InterfaceConfiguration[m[Kâ€™
[3.394s]    25 |     return [01;31m[Kcontroller_interface::interface_configuration_type::INDIVIDUAL[m[K;
[3.394s]       |            [01;31m[K~~~~~~~~~~~~~~~~~~~~~~~~~~~~~~~~~~~~~~~~~~~~~~~~~~~~^~~~~~~~~~[m[K
[3.394s]       |                                                                [01;31m[K|[m[K
[3.394s]       |                                                                [01;31m[Kcontroller_interface::interface_configuration_type[m[K
[3.394s] [01m[K/home/artificer/Desktop/ROV2026/src/rov_control/src/axis_to_command_controller.cpp:[m[K In member function â€˜[01m[Kcontroller_interface::return_type rov_controllers::AxisToCommandController::[01;32m[Kupdate[m[K(const rclcpp::Time&, const rclcpp::Duration&)[m[Kâ€™:
[3.395s] [01m[K/home/artificer/Desktop/ROV2026/src/rov_control/src/axis_to_command_controller.cpp:75:5:[m[K [01;31m[Kerror: [m[Kâ€˜[01m[KEigen[m[Kâ€™ has not been declared
[3.395s]    75 |     [01;31m[KEigen[m[K::VectorXd desired_wrench(6);
[3.395s]       |     [01;31m[K^~~~~[m[K
[3.400s] [01m[K/home/artificer/Desktop/ROV2026/src/rov_control/src/axis_to_command_controller.cpp:76:5:[m[K [01;31m[Kerror: [m[Kâ€˜[01m[Kdesired_wrench[m[Kâ€™ was not declared in this scope
[3.400s]    76 |     [01;31m[Kdesired_wrench[m[K.setZero();
[3.400s]       |     [01;31m[K^~~~~~~~~~~~~~[m[K
[3.400s] In file included from [01m[K/opt/ros/jazzy/include/class_loader/class_loader/class_loader.hpp:56[m[K,
[3.400s]                  from [01m[K/opt/ros/jazzy/include/pluginlib/pluginlib/class_list_macros.hpp:40[m[K,
[3.400s]                  from [01m[K/home/artificer/Desktop/ROV2026/src/rov_control/src/axis_to_command_controller.cpp:8[m[K:
[3.400s] [01m[K/home/artificer/Desktop/ROV2026/src/rov_control/src/axis_to_command_controller.cpp:[m[K At global scope:
[3.400s] [01m[K/home/artificer/Desktop/ROV2026/src/rov_control/src/axis_to_command_controller.cpp:112:88:[m[K [01;31m[Kerror: [m[Kâ€˜[01m[KChainableControllerInterface[m[Kâ€™ in namespace â€˜[01m[Kcontroller_interface[m[Kâ€™ does not name a type; did you mean â€˜[01m[KControllerInterface[m[Kâ€™?
[3.400s]   112 | PLUGINLIB_EXPORT_CLASS(rov_controllers::AxisToCommandController, controller_interface::[01;31m[KChainableControllerInterface[m[K)
[3.400s]       |                                                                                        [01;31m[K^~~~~~~~~~~~~~~~~~~~~~~~~~~~[m[K
[3.405s] [01m[K/home/artificer/Desktop/ROV2026/src/rov_control/src/axis_to_command_controller.cpp:[m[K In constructor â€˜[01m[K{anonymous}::ProxyExec0::[01;32m[KProxyExec0[m[K()[m[Kâ€™:
[3.405s] [01m[K/home/artificer/Desktop/ROV2026/src/rov_control/src/axis_to_command_controller.cpp:112:1:[m[K [01;31m[Kerror: [m[Kâ€˜[01m[K_base[m[Kâ€™ was not declared in this scope; did you mean â€˜[01m[K__bases[m[Kâ€™?
[3.405s]   112 | [01;31m[KPLUGINLIB_EXPORT_CLASS[m[K(rov_controllers::AxisToCommandController, controller_interface::ChainableControllerInterface)
[3.405s]       | [01;31m[K^~~~~~~~~~~~~~~~~~~~~~[m[K
[3.405s] [01m[K/home/artificer/Desktop/ROV2026/src/rov_control/src/axis_to_command_controller.cpp:112:1:[m[K [01;31m[Kerror: [m[Kno matching function for call to â€˜[01m[KregisterPlugin<{anonymous}::ProxyExec0::_derived, <expression error> >(const char [41], const char [51])[m[Kâ€™
[3.405s]   112 | [01;31m[KPLUGINLIB_EXPORT_CLASS[m[K(rov_controllers::AxisToCommandController, controller_interface::ChainableControllerInterface)
[3.405s]       | [01;31m[K^~~~~~~~~~~~~~~~~~~~~~[m[K
[3.405s] In file included from [01m[K/opt/ros/jazzy/include/class_loader/class_loader/class_loader.hpp:55[m[K:
[3.405s] [01m[K/opt/ros/jazzy/include/class_loader/class_loader/class_loader_core.hpp:241:1:[m[K [01;36m[Knote: [m[Kcandidate: â€˜[01m[Ktemplate<class Derived, class Base> class_loader::impl::UniquePtr<class_loader::impl::AbstractMetaObjectBase> class_loader::impl::[01;32m[KregisterPlugin[m[K(const std::string&, const std::string&)[m[Kâ€™
[3.405s]   241 | [01;36m[KregisterPlugin[m[K(const std::string & class_name, const std::string & base_class_name)
[3.406s]       | [01;36m[K^~~~~~~~~~~~~~[m[K
[3.406s] [01m[K/opt/ros/jazzy/include/class_loader/class_loader/class_loader_core.hpp:241:1:[m[K [01;36m[Knote: [m[K  template argument deduction/substitution failed:
[3.406s] [01m[K/home/artificer/Desktop/ROV2026/src/rov_control/src/axis_to_command_controller.cpp:112:1:[m[K [01;31m[Kerror: [m[Ktemplate argument 2 is invalid
[3.406s]   112 | [01;31m[KPLUGINLIB_EXPORT_CLASS[m[K(rov_controllers::AxisToCommandController, controller_interface::ChainableControllerInterface)
[3.406s]       | [01;31m[K^~~~~~~~~~~~~~~~~~~~~~[m[K
[4.028s] gmake[2]: Leaving directory '/home/artificer/Desktop/ROV2026/build/rov_control'
[4.029s] gmake[2]: *** [CMakeFiles/axis_to_command_controller.dir/build.make:79: CMakeFiles/axis_to_command_controller.dir/src/axis_to_command_controller.cpp.o] Error 1
[4.029s] gmake[1]: *** [CMakeFiles/Makefile2:282: CMakeFiles/axis_to_command_controller.dir/all] Error 2
[4.029s] gmake[1]: *** Waiting for unfinished jobs....
[4.036s] In file included from [01m[K/opt/ros/jazzy/include/class_loader/class_loader/class_loader_core.hpp:58[m[K,
[4.036s]                  from [01m[K/opt/ros/jazzy/include/class_loader/class_loader/class_loader.hpp:55[m[K,
[4.036s]                  from [01m[K/opt/ros/jazzy/include/pluginlib/pluginlib/class_list_macros.hpp:40[m[K,
[4.036s]                  from [01m[K/home/artificer/Desktop/ROV2026/src/rov_control/src/pwm_interface.cpp:7[m[K:
[4.037s] /opt/ros/jazzy/include/class_loader/class_loader/meta_object.hpp: In instantiation of â€˜[01m[KB* class_loader::impl::MetaObject<C, B>::[01;32m[Kcreate[m[K() const [35m[K[with C = rov_control::PWMInterface; B = hardware_interface::SystemInterface][m[K[m[Kâ€™:
[4.037s] [01m[K/opt/ros/jazzy/include/class_loader/class_loader/meta_object.hpp:216:7:[m[K   required from here
[4.037s] [01m[K/opt/ros/jazzy/include/class_loader/class_loader/meta_object.hpp:218:12:[m[K [01;31m[Kerror: [m[Kinvalid new-expression of abstract class type â€˜[01m[Krov_control::PWMInterface[m[Kâ€™
[4.037s]   218 |     return [01;31m[Knew C[m[K;
[4.037s]       |            [01;31m[K^~~~~[m[K
[4.037s] In file included from [01m[K/home/artificer/Desktop/ROV2026/src/rov_control/src/pwm_interface.cpp:6[m[K:
[4.037s] [01m[K/home/artificer/Desktop/ROV2026/src/rov_control/include/rov_control/pwm_interface.hpp:13:9:[m[K [01;36m[Knote: [m[K  because the following virtual functions are pure within â€˜[01m[Krov_control::PWMInterface[m[Kâ€™:
[4.037s]    13 |   class [01;36m[KPWMInterface[m[K : public hardware_interface::SystemInterface
[4.037s]       |         [01;36m[K^~~~~~~~~~~~[m[K
[4.037s] In file included from [01m[K/home/artificer/Desktop/ROV2026/src/rov_control/include/rov_control/pwm_interface.hpp:5[m[K:
[4.037s] [01m[K/opt/ros/jazzy/include/hardware_interface/hardware_interface/system_interface.hpp:474:23:[m[K [01;36m[Knote: [m[K    â€˜[01m[Kvirtual hardware_interface::return_type hardware_interface::SystemInterface::[01;32m[Kread[m[K(const rclcpp::Time&, const rclcpp::Duration&)[m[Kâ€™
[4.037s]   474 |   virtual return_type [01;36m[Kread[m[K(const rclcpp::Time & time, const rclcpp::Duration & period) = 0;
[4.037s]       |                       [01;36m[K^~~~[m[K
[4.037s] [01m[K/opt/ros/jazzy/include/hardware_interface/hardware_interface/system_interface.hpp:521:23:[m[K [01;36m[Knote: [m[K    â€˜[01m[Kvirtual hardware_interface::return_type hardware_interface::SystemInterface::[01;32m[Kwrite[m[K(const rclcpp::Time&, const rclcpp::Duration&)[m[Kâ€™
[4.037s]   521 |   virtual return_type [01;36m[Kwrite[m[K(const rclcpp::Time & time, const rclcpp::Duration & period) = 0;
[4.037s]       |                       [01;36m[K^~~~~[m[K
[4.162s] gmake[2]: *** [CMakeFiles/rov_control.dir/build.make:79: CMakeFiles/rov_control.dir/src/pwm_interface.cpp.o] Error 1
[4.162s] gmake[2]: Leaving directory '/home/artificer/Desktop/ROV2026/build/rov_control'
[4.162s] gmake[1]: *** [CMakeFiles/Makefile2:256: CMakeFiles/rov_control.dir/all] Error 2
[4.162s] gmake[1]: Leaving directory '/home/artificer/Desktop/ROV2026/build/rov_control'
[4.163s] gmake: *** [Makefile:149: all] Error 2
[4.164s] 
[4.166s] Invoked command in '/home/artificer/Desktop/ROV2026/build/rov_control' returned '2': CMAKE_PREFIX_PATH=${CMAKE_PREFIX_PATH}:/opt/ros/jazzy /usr/bin/cmake --build /home/artificer/Desktop/ROV2026/build/rov_control -- -j12 -l12
